#
# A fatal error has been detected by the Java Runtime Environment:
#
#  EXCEPTION_ACCESS_VIOLATION (0xc0000005) at pc=0x000001edfa980fa4, pid=2256, tid=3320
#
# JRE version: OpenJDK Runtime Environment Temurin-21.0.4+7 (21.0.4+7) (build 21.0.4+7-LTS)
# Java VM: OpenJDK 64-Bit Server VM Temurin-21.0.4+7 (21.0.4+7-LTS, mixed mode, emulated-client, tiered, compressed oops, compressed class ptrs, g1 gc, windows-amd64)
# Problematic frame:
# v  ~BufferBlob::MethodHandles adapters 0x000001edfa980fa4
#
# No core dump will be written. Minidumps are not enabled by default on client versions of Windows
#
# If you would like to submit a bug report, please visit:
#   https://github.com/adoptium/adoptium-support/issues
#

---------------  S U M M A R Y ------------

Command Line: -XX:+ShowCodeDetailsInExceptionMessages -agentlib:jdwp=transport=dt_socket,suspend=y,address=localhost:57687 -Dcom.sun.management.jmxremote -Dcom.sun.management.jmxremote.port=57679 -Dcom.sun.management.jmxremote.authenticate=false -Dcom.sun.management.jmxremote.ssl=false -Djava.rmi.server.hostname=localhost -Dspring.jmx.enabled=true -Dmanagement.endpoints.jmx.exposure.include=* -Dspring.application.admin.enabled=true -XX:TieredStopAtLevel=1 -Dspring.boot.project.name=TestBoot2 -javaagent:C:\spring-tool-suite-4-4.25.0.RELEASE-e4.33.0-win32.win32.x86_64\sts-4.25.0.RELEASE\configuration\org.eclipse.osgi\270\0\.cp\lib\javaagent-shaded.jar -Dfile.encoding=UTF-8 -Dstdout.encoding=UTF-8 -Dstderr.encoding=UTF-8 com.chegusBoot.TestBoot2Application --spring.output.ansi.enabled=always

Host: Intel(R) Core(TM) i5-10210U CPU @ 1.60GHz, 8 cores, 15G,  Windows 11 , 64 bit Build 26100 (10.0.26100.1591)
Time: Thu Nov 14 23:57:27 2024 India Standard Time elapsed time: 148.793531 seconds (0d 0h 2m 28s)

---------------  T H R E A D  ---------------

Current thread (0x000001ed8dc684f0):  JavaThread "http-nio-8082-exec-1" daemon [_thread_in_Java, id=3320, stack(0x000000db01c00000,0x000000db01d00000) (1024K)]

Stack: [0x000000db01c00000,0x000000db01d00000],  sp=0x000000db01cfd048,  free space=1012k
Native frames: (J=compiled Java code, j=interpreted, Vv=VM code, C=native code)
C  0x000001edfa980fa4

The last pc belongs to _linkToVirtual (printed below).

siginfo: EXCEPTION_ACCESS_VIOLATION (0xc0000005), reading address 0x00000018863ec923


Registers:
RAX=0x000001edfa959086, RBX=0x0000000709155158, RCX=0x000000db01cfd058, RDX=0x0000000000000003
RSP=0x000000db01cfd048, RBP=0x000000db01cfd0a0, RSI=0x000001ed8d69bb88, RDI=0x000001ed8dd29580
R8 =0x0000000000000004, R9 =0x0000000000000004, R10=0x00000008863ec75b, R11=0x0000000200000000
R12=0x0000000000000000, R13=0x000000db01cfd048, R14=0x000000db01cfd0c8, R15=0x000001ed8dc684f0
RIP=0x000001edfa980fa4, EFLAGS=0x0000000000010202


Register to memory mapping:

RAX=0x000001edfa959086 is at code_begin+3078 in an Interpreter codelet
return entry points  [0x000001edfa958480, 0x000001edfa95a298]  7704 bytes
RBX=0x0000000709155158 is an oop: java.util.LinkedHashMap 
{0x0000000709155158} - klass: 'java/util/LinkedHashMap'
 - ---- fields (total size 8 words):
 - transient 'keySet' 'Ljava/util/Set;' @12  null (0x00000000)
 - transient 'values' 'Ljava/util/Collection;' @16  null (0x00000000)
 - transient 'size' 'I' @20  2 (0x00000002)
 - transient 'modCount' 'I' @24  2 (0x00000002)
 - 'threshold' 'I' @28  12 (0x0000000c)
 - final 'loadFactor' 'F' @32  0.750000 (0x3f400000)
 - transient 'table' '[Ljava/util/HashMap$Node;' @36  a 'java/util/HashMap$Node'[16] {0x0000000709155198} (0xe122aa33)
 - transient 'entrySet' 'Ljava/util/Set;' @40  a 'java/util/LinkedHashMap$LinkedEntrySet'{0x0000000708f4fed0} (0xe11e9fda)
 - transient 'putMode' 'I' @44  0 (0x00000000)
 - final 'accessOrder' 'Z' @48  false (0x00)
 - transient 'head' 'Ljava/util/LinkedHashMap$Entry;' @52  a 'java/util/LinkedHashMap$Entry'{0x00000007091551e8} (0xe122aa3d)
 - transient 'tail' 'Ljava/util/LinkedHashMap$Entry;' @56  a 'java/util/LinkedHashMap$Entry'{0x00000007091552a0} (0xe122aa54)
RCX=0x000000db01cfd058 is pointing into the stack for thread: 0x000001ed8dc684f0
RDX=0x0000000000000003 is an unknown value
RSP=0x000000db01cfd048 is pointing into the stack for thread: 0x000001ed8dc684f0
RBP=0x000000db01cfd0a0 is pointing into the stack for thread: 0x000001ed8dc684f0
RSI=0x000001ed8d69bb88 points into unknown readable memory: 0x800010ed06715a05 | 05 5a 71 06 ed 10 00 80
RDI=0x000001ed8dd29580 points into unknown readable memory: 0x0000002000000070 | 70 00 00 00 20 00 00 00
R8 =0x0000000000000004 is an unknown value
R9 =0x0000000000000004 is an unknown value
R10=0x00000008863ec75b is an unknown value
R11=0x0000000200000000 is an unknown value
R12=0x0 is null
R13=0x000000db01cfd048 is pointing into the stack for thread: 0x000001ed8dc684f0
R14=0x000000db01cfd0c8 is pointing into the stack for thread: 0x000001ed8dc684f0
R15=0x000001ed8dc684f0 is a thread

Top of Stack: (sp=0x000000db01cfd048)
0x000000db01cfd048:   000001edfa959086 0000000705630348
0x000000db01cfd058:   000000db01cfd058 000001ed863ec75b
0x000000db01cfd068:   0000000000000005 000001ed863f0aa8
0x000000db01cfd078:   000001edfafc4afc 00000007036562d0
0x000000db01cfd088:   000001ed863ec768 000000db01cfd048
0x000000db01cfd098:   000000db01cfd0d0 000000db01cfd138
0x000000db01cfd0a8:   000001edfa959086 0000000708f502b0
0x000000db01cfd0b8:   0000000709155158 0000000705630348
0x000000db01cfd0c8:   0000000708f50478 000001edfa959086
0x000000db01cfd0d8:   0000000709155158 0000000705630348
0x000000db01cfd0e8:   0000000708f50478 000000db01cfd0f0
0x000000db01cfd0f8:   000001ed8f51c2a2 0000000000000007
0x000000db01cfd108:   000001ed8f51c3f0 0000000000000000
0x000000db01cfd118:   0000000708f4fda8 000001ed8f51c2b0
0x000000db01cfd128:   000000db01cfd0d8 000000db01cfd180
0x000000db01cfd138:   000000db01cfd438 000001edfb3a6b2a
0x000000db01cfd148:   0000000708f50478 0000000705630348
0x000000db01cfd158:   0000000708f50608 0000000709155158
0x000000db01cfd168:   0000000705630348 0000000708f506f8
0x000000db01cfd178:   000001edfb3a627c 0000000000000000
0x000000db01cfd188:   00000007059a1d70 0000000703e832d0
0x000000db01cfd198:   0000000708f50720 0000000708f506f8
0x000000db01cfd1a8:   000001ed00000001 0000000703e832d0
0x000000db01cfd1b8:   0000000703cfdcc8 00000007059a1d00
0x000000db01cfd1c8:   00007ffff730f5a6 000000db01cfd438
0x000000db01cfd1d8:   000001edfad800ec 0000000000000000
0x000000db01cfd1e8:   000000db01cfbe78 000000db01cfd438
0x000000db01cfd1f8:   000001edfb72c574 0000000000000000
0x000000db01cfd208:   0000000000000000 0000000000000000
0x000000db01cfd218:   0000000000000000 0000000000000000
0x000000db01cfd228:   0000000000000000 0000000708f50720
0x000000db01cfd238:   0000000708f50108 0000000705630348 

Instructions: (pc=0x000001edfa980fa4)
0x000001edfa980ea4:   ed 01 00 00 00 0f 98 fa ed 01 00 00 80 1f 98 fa
0x000001edfa980eb4:   ed 01 00 00 f0 0e 98 fa ed 01 00 00 f0 0e 98 fa
0x000001edfa980ec4:   ed 01 00 00 00 00 00 00 00 00 00 00 d8 26 c5 f7
0x000001edfa980ed4:   ff 7f 00 00 f0 10 00 00 60 00 00 00 ff ff ff ff
0x000001edfa980ee4:   f0 10 00 00 00 00 00 00 00 00 00 00 00 00 00 00
0x000001edfa980ef4:   00 00 00 00 00 00 00 00 00 00 00 00 f4 66 66 66
0x000001edfa980f04:   0f 1f 84 00 00 00 00 00 66 66 66 90 66 66 66 0f
0x000001edfa980f14:   1f 84 00 00 00 00 00 66 66 66 90 90 48 8b 53 08
0x000001edfa980f24:   0f b7 52 2e 48 8b 0c d4 8b 59 14 48 c1 e3 03 8b
0x000001edfa980f34:   5b 28 48 c1 e3 03 8b 5b 24 48 c1 e3 03 48 8b 5b
0x000001edfa980f44:   10 48 85 db 0f 84 10 00 00 00 41 80 bf e0 05 00
0x000001edfa980f54:   00 00 74 03 ff 63 38 ff 63 50 e9 9d 16 00 00 66
0x000001edfa980f64:   66 66 0f 1f 84 00 00 00 00 00 66 66 66 90 66 66
0x000001edfa980f74:   0f 1f 84 00 00 00 00 00 66 66 66 90 48 8b 53 08
0x000001edfa980f84:   0f b7 52 2e 48 8b 0c d4 58 5b 50 44 8b 51 08 49
0x000001edfa980f94:   bb 00 00 00 00 08 00 00 00 4d 03 d3 4c 8b 5b 10
0x000001edfa980fa4:   4b 8b 9c da c8 01 00 00 48 85 db 0f 84 10 00 00
0x000001edfa980fb4:   00 41 80 bf e0 05 00 00 00 74 03 ff 63 38 ff 63
0x000001edfa980fc4:   50 e9 36 16 00 00 66 66 66 0f 1f 84 00 00 00 00
0x000001edfa980fd4:   00 66 66 66 90 0f 1f 80 00 00 00 00 58 5b 50 8b
0x000001edfa980fe4:   5b 24 48 c1 e3 03 48 8b 5b 10 48 85 db 0f 84 10
0x000001edfa980ff4:   00 00 00 41 80 bf e0 05 00 00 00 74 03 ff 63 38
0x000001edfa981004:   ff 63 50 e9 f4 15 00 00 66 66 66 0f 1f 84 00 00
0x000001edfa981014:   00 00 00 66 66 66 90 0f 1f 44 00 00 48 8b 53 08
0x000001edfa981024:   0f b7 52 2e 48 8b 0c d4 58 5b 50 48 3b 01 8b 5b
0x000001edfa981034:   24 48 c1 e3 03 48 8b 5b 10 48 85 db 0f 84 10 00
0x000001edfa981044:   00 00 41 80 bf e0 05 00 00 00 74 03 ff 63 38 ff
0x000001edfa981054:   63 50 e9 a5 15 00 00 0f 1f 44 00 00 48 8b 53 08
0x000001edfa981064:   0f b7 52 2e 48 8b 0c d4 58 5b 50 44 8b 51 08 49
0x000001edfa981074:   bb 00 00 00 00 08 00 00 00 4d 03 d3 8b 43 18 48
0x000001edfa981084:   c1 e0 03 48 8b 40 10 48 8b 5b 10 45 8b 9a a0 00
0x000001edfa981094:   00 00 4f 8d 9c da c8 01 00 00 4d 8d 14 da 49 8b 


Stack slot to memory mapping:

stack at sp + 0 slots: 0x000001edfa959086 is at code_begin+3078 in an Interpreter codelet
return entry points  [0x000001edfa958480, 0x000001edfa95a298]  7704 bytes
stack at sp + 1 slots: 0x0000000705630348 is an oop: com.chegusBoot.service.DataServ 
{0x0000000705630348} - klass: 'com/chegusBoot/service/DataServ'
 - ---- fields (total size 4 words):
 - private 'repo' 'Lcom/chegusBoot/repository/DataRepo;' @12  a 'jdk/proxy4/$Proxy121'{0x0000000705630368} (0xe0ac606d)
 - private 'repo1' 'Lcom/chegusBoot/repository/BranchRepo;' @16  a 'jdk/proxy4/$Proxy122'{0x000000070563e238} (0xe0ac7c47)
 - private 'repo2' 'Lcom/chegusBoot/repository/PersonRepo;' @20  a 'jdk/proxy4/$Proxy123'{0x00000007057184b0} (0xe0ae3096)
 - private 'em' 'Ljakarta/persistence/EntityManager;' @24  a 'jdk/proxy4/$Proxy118'{0x0000000705725f88} (0xe0ae4bf1)
stack at sp + 2 slots: 0x000000db01cfd058 is pointing into the stack for thread: 0x000001ed8dc684f0
stack at sp + 3 slots: 0x000001ed863ec75b is pointing into metadata
stack at sp + 4 slots: 0x0000000000000005 is an unknown value
stack at sp + 5 slots: 0x000001ed863f0aa8 is pointing into metadata
stack at sp + 6 slots: 0x000001edfafc4afc is at entry_point+188 in (nmethod*)0x000001edfafc4890
Compiled method (c1)  148841 2218       1       java.lang.invoke.LambdaForm$MH/0x00000008000c0800::invoke (25 bytes)
 total in heap  [0x000001edfafc4890,0x000001edfafc4cb8] = 1064
 relocation     [0x000001edfafc49e8,0x000001edfafc4a30] = 72
 main code      [0x000001edfafc4a40,0x000001edfafc4b70] = 304
 stub code      [0x000001edfafc4b70,0x000001edfafc4bc8] = 88
 oops           [0x000001edfafc4bc8,0x000001edfafc4bd0] = 8
 metadata       [0x000001edfafc4bd0,0x000001edfafc4bd8] = 8
 scopes data    [0x000001edfafc4bd8,0x000001edfafc4c28] = 80
 scopes pcs     [0x000001edfafc4c28,0x000001edfafc4c98] = 112
 dependencies   [0x000001edfafc4c98,0x000001edfafc4ca0] = 8
 nul chk table  [0x000001edfafc4ca0,0x000001edfafc4cb8] = 24
stack at sp + 7 slots: 0x00000007036562d0 is an oop: java.lang.Class 
{0x00000007036562d0} - klass: 'java/lang/Class'
 - ---- fields (total size 14 words):
 - private volatile transient 'classRedefinedCount' 'I' @12  0 (0x00000000)
 - injected 'klass' 'J' @16  34359948240 (0x00000008000333d0)
 - injected 'array_klass' 'J' @24  0 (0x0000000000000000)
 - injected 'oop_size' 'I' @32  14 (0x0000000e)
 - injected 'static_oop_field_count' 'I' @36  0 (0x00000000)
 - private volatile transient 'cachedConstructor' 'Ljava/lang/reflect/Constructor;' @40  null (0x00000000)
 - private transient 'name' 'Ljava/lang/String;' @44  null (0x00000000)
 - private transient 'module' 'Ljava/lang/Module;' @48  a 'java/lang/Module'{0x000000070365eb98} (0xe06cbd73)
 - private final 'classLoader' 'Ljava/lang/ClassLoader;' @52  null (0x00000000)
 - private transient 'classData' 'Ljava/lang/Object;' @56  null (0x00000000)
 - private transient 'packageName' 'Ljava/lang/String;' @60  null (0x00000000)
 - private final 'componentType' 'Ljava/lang/Class;' @64  null (0x00000000)
 - private volatile transient 'reflectionData' 'Ljava/lang/ref/SoftReference;' @68  null (0x00000000)
 - private volatile transient 'genericInfo' 'Lsun/reflect/generics/repository/ClassRepository;' @72  null (0x00000000)
 - private volatile transient 'enumConstants' '[Ljava/lang/Object;' @76  null (0x00000000)
 - private volatile transient 'enumConstantDirectory' 'Ljava/util/Map;' @80  null (0x00000000)
 - private volatile transient 'annotationData' 'Ljava/lang/Class$AnnotationData;' @84  null (0x00000000)
 - private volatile transient 'annotationType' 'Lsun/reflect/annotation/AnnotationType;' @88  null (0x00000000)
 - transient 'classValueMap' 'Ljava/lang/ClassValue$ClassValueMap;' @92  null (0x00000000)
 - injected 'protection_domain' 'Ljava/lang/Object;' @96  null (0x00000000)
 - injected 'signers_name' 'Ljava/lang/Object;' @100  null (0x00000000)
 - injected 'source_file' 'Ljava/lang/Object;' @104  null (0x00000000)
 - signature: Ljava/lang/invoke/DirectMethodHandle$Holder;
 - ---- static fields (0):

MethodHandle::interpreter_entry::_linkToVirtual [0x000001edfa980f63, 0x000001edfa980fca] (103 bytes)
[MachCode]
  0x000001edfa980f63: 6666 660f | 1f84 0000 | 0000 0066 | 6666 9066 | 660f 1f84 | 0000 0000 | 0066 6666 | 9048 8b53 
  0x000001edfa980f83: 080f b752 | 2e48 8b0c | d458 5b50 | 448b 5108 | 49bb 0000 | 0000 0800 | 0000 4d03 | d34c 8b5b 
  0x000001edfa980fa3: 104b 8b9c | dac8 0100 | 0048 85db | 0f84 1000 | 0000 4180 | bfe0 0500 | 0000 7403 | ff63 38ff 
  0x000001edfa980fc3: 6350 e936 | 
[/MachCode]

---------------  P R O C E S S  ---------------

Threads class SMR info:
_java_thread_list=0x000001ed8d027110, length=38, elements={
0x000001ed8a0605b0, 0x000001ed8a061d30, 0x000001ed8a0c30b0, 0x000001ed8a0c3b10,
0x000001ed8a0c2440, 0x000001ed8a0c4b10, 0x000001ed8a0cbfa0, 0x000001ed8a1aab10,
0x000001ed8a34ffc0, 0x000001ed8a374e00, 0x000001ed8a375480, 0x000001ed8acd8720,
0x000001ed8af30750, 0x000001ed8af59e80, 0x000001ed8af89650, 0x000001ed8b58f010,
0x000001ed8b58f680, 0x000001ed8b5ad1b0, 0x000001ed8b5ae560, 0x000001ed8b5aebf0,
0x000001ed8b5af910, 0x000001ed8b5ac490, 0x000001ed8b5ad840, 0x000001ed8dc65070,
0x000001ed8dc66420, 0x000001ed8dc684f0, 0x000001ed8dc68b80, 0x000001ed8dc65700,
0x000001ed8dc67e60, 0x000001ed8dc677d0, 0x000001ed8dc67140, 0x000001ed8dc69210,
0x000001ed8dc66ab0, 0x000001ed8dc65d90, 0x000001ed8dc6b2e0, 0x000001ed8dc698a0,
0x000001ed8dc6c000, 0x000001ed8dc69f30
}

Java Threads: ( => current thread )
  0x000001ed8a0605b0 JavaThread "Reference Handler"          daemon [_thread_blocked, id=15580, stack(0x000000db7f400000,0x000000db7f500000) (1024K)]
  0x000001ed8a061d30 JavaThread "Finalizer"                  daemon [_thread_blocked, id=10436, stack(0x000000db7f500000,0x000000db7f600000) (1024K)]
  0x000001ed8a0c30b0 JavaThread "Signal Dispatcher"          daemon [_thread_blocked, id=20972, stack(0x000000db7f600000,0x000000db7f700000) (1024K)]
  0x000001ed8a0c3b10 JavaThread "Attach Listener"            daemon [_thread_blocked, id=15420, stack(0x000000db7f700000,0x000000db7f800000) (1024K)]
  0x000001ed8a0c2440 JavaThread "Service Thread"             daemon [_thread_blocked, id=11540, stack(0x000000db7f800000,0x000000db7f900000) (1024K)]
  0x000001ed8a0c4b10 JavaThread "Monitor Deflation Thread"   daemon [_thread_blocked, id=19764, stack(0x000000db7f900000,0x000000db7fa00000) (1024K)]
  0x000001ed8a0cbfa0 JavaThread "C1 CompilerThread0"         daemon [_thread_blocked, id=10500, stack(0x000000db7fa00000,0x000000db7fb00000) (1024K)]
  0x000001ed8a1aab10 JavaThread "Common-Cleaner"             daemon [_thread_blocked, id=14088, stack(0x000000db7fb00000,0x000000db7fc00000) (1024K)]
  0x000001ed8a34ffc0 JavaThread "JDWP Transport Listener: dt_socket" daemon [_thread_blocked, id=8772, stack(0x000000db7ff00000,0x000000db80000000) (1024K)]
  0x000001ed8a374e00 JavaThread "JDWP Event Helper Thread"   daemon [_thread_blocked, id=20036, stack(0x000000db00000000,0x000000db00100000) (1024K)]
  0x000001ed8a375480 JavaThread "JDWP Command Reader"        daemon [_thread_in_native, id=21168, stack(0x000000db00100000,0x000000db00200000) (1024K)]
  0x000001ed8acd8720 JavaThread "Notification Thread"        daemon [_thread_blocked, id=13428, stack(0x000000db00200000,0x000000db00300000) (1024K)]
  0x000001ed8af30750 JavaThread "RMI TCP Accept-0"           daemon [_thread_in_native, id=16820, stack(0x000000db00300000,0x000000db00400000) (1024K)]
  0x000001ed8af59e80 JavaThread "RMI TCP Accept-57679"       daemon [_thread_in_native, id=6684, stack(0x000000db00b00000,0x000000db00c00000) (1024K)]
  0x000001ed8af89650 JavaThread "RMI TCP Accept-0"           daemon [_thread_in_native, id=6064, stack(0x000000db00c00000,0x000000db00d00000) (1024K)]
  0x000001ed8b58f010 JavaThread "RMI Scheduler(0)"           daemon [_thread_blocked, id=20344, stack(0x000000db01000000,0x000000db01100000) (1024K)]
  0x000001ed8b58f680 JavaThread "RMI TCP Connection(idle)"   daemon [_thread_blocked, id=5684, stack(0x000000db01100000,0x000000db01200000) (1024K)]
  0x000001ed8b5ad1b0 JavaThread "JMX server connection timeout 41" daemon [_thread_blocked, id=17740, stack(0x000000db01200000,0x000000db01300000) (1024K)]
  0x000001ed8b5ae560 JavaThread "Catalina-utility-1"                [_thread_blocked, id=20540, stack(0x000000db01400000,0x000000db01500000) (1024K)]
  0x000001ed8b5aebf0 JavaThread "Catalina-utility-2"                [_thread_blocked, id=20820, stack(0x000000db01500000,0x000000db01600000) (1024K)]
  0x000001ed8b5af910 JavaThread "container-0"                       [_thread_blocked, id=2560, stack(0x000000db01600000,0x000000db01700000) (1024K)]
  0x000001ed8b5ac490 JavaThread "mysql-cj-abandoned-connection-cleanup" daemon [_thread_blocked, id=15992, stack(0x000000db01700000,0x000000db01800000) (1024K)]
  0x000001ed8b5ad840 JavaThread "HikariPool-1 housekeeper"   daemon [_thread_blocked, id=6872, stack(0x000000db01900000,0x000000db01a00000) (1024K)]
  0x000001ed8dc65070 JavaThread "File Watcher"               daemon [_thread_blocked, id=7544, stack(0x000000db01b00000,0x000000db01c00000) (1024K)]
  0x000001ed8dc66420 JavaThread "Live Reload Server"         daemon [_thread_in_native, id=1272, stack(0x000000db01d00000,0x000000db01e00000) (1024K)]
=>0x000001ed8dc684f0 JavaThread "http-nio-8082-exec-1"       daemon [_thread_in_Java, id=3320, stack(0x000000db01c00000,0x000000db01d00000) (1024K)]
  0x000001ed8dc68b80 JavaThread "http-nio-8082-exec-2"       daemon [_thread_blocked, id=19936, stack(0x000000db01e00000,0x000000db01f00000) (1024K)]
  0x000001ed8dc65700 JavaThread "http-nio-8082-exec-3"       daemon [_thread_blocked, id=14052, stack(0x000000db01f00000,0x000000db02000000) (1024K)]
  0x000001ed8dc67e60 JavaThread "http-nio-8082-exec-4"       daemon [_thread_blocked, id=9684, stack(0x000000db02000000,0x000000db02100000) (1024K)]
  0x000001ed8dc677d0 JavaThread "http-nio-8082-exec-5"       daemon [_thread_blocked, id=20160, stack(0x000000db02100000,0x000000db02200000) (1024K)]
  0x000001ed8dc67140 JavaThread "http-nio-8082-exec-6"       daemon [_thread_blocked, id=18388, stack(0x000000db02200000,0x000000db02300000) (1024K)]
  0x000001ed8dc69210 JavaThread "http-nio-8082-exec-7"       daemon [_thread_blocked, id=14216, stack(0x000000db02300000,0x000000db02400000) (1024K)]
  0x000001ed8dc66ab0 JavaThread "http-nio-8082-exec-8"       daemon [_thread_blocked, id=19604, stack(0x000000db02400000,0x000000db02500000) (1024K)]
  0x000001ed8dc65d90 JavaThread "http-nio-8082-exec-9"       daemon [_thread_blocked, id=5524, stack(0x000000db02500000,0x000000db02600000) (1024K)]
  0x000001ed8dc6b2e0 JavaThread "http-nio-8082-exec-10"      daemon [_thread_blocked, id=4288, stack(0x000000db02600000,0x000000db02700000) (1024K)]
  0x000001ed8dc698a0 JavaThread "http-nio-8082-Poller"       daemon [_thread_in_native, id=21412, stack(0x000000db02700000,0x000000db02800000) (1024K)]
  0x000001ed8dc6c000 JavaThread "http-nio-8082-Acceptor"     daemon [_thread_in_native, id=5900, stack(0x000000db02800000,0x000000db02900000) (1024K)]
  0x000001ed8dc69f30 JavaThread "DestroyJavaVM"                     [_thread_blocked, id=4788, stack(0x000000db7ec00000,0x000000db7ed00000) (1024K)]
Total: 38

Other Threads:
  0x000001edff468220 VMThread "VM Thread"                           [id=20484, stack(0x000000db7f300000,0x000000db7f400000) (1024K)]
  0x000001edff455210 WatcherThread "VM Periodic Task Thread"        [id=6448, stack(0x000000db7f200000,0x000000db7f300000) (1024K)]
  0x000001edf6ec5a50 WorkerThread "GC Thread#0"                     [id=20292, stack(0x000000db7ed00000,0x000000db7ee00000) (1024K)]
  0x000001ed8af3b770 WorkerThread "GC Thread#1"                     [id=9744, stack(0x000000db00400000,0x000000db00500000) (1024K)]
  0x000001ed8af3bb10 WorkerThread "GC Thread#2"                     [id=20192, stack(0x000000db00500000,0x000000db00600000) (1024K)]
  0x000001ed8af3beb0 WorkerThread "GC Thread#3"                     [id=3848, stack(0x000000db00600000,0x000000db00700000) (1024K)]
  0x000001ed8af3c660 WorkerThread "GC Thread#4"                     [id=6328, stack(0x000000db00700000,0x000000db00800000) (1024K)]
  0x000001ed8af4ce10 WorkerThread "GC Thread#5"                     [id=4744, stack(0x000000db00800000,0x000000db00900000) (1024K)]
  0x000001ed8af70340 WorkerThread "GC Thread#6"                     [id=20400, stack(0x000000db00900000,0x000000db00a00000) (1024K)]
  0x000001ed8af706e0 WorkerThread "GC Thread#7"                     [id=20576, stack(0x000000db00a00000,0x000000db00b00000) (1024K)]
  0x000001edf6ed6600 ConcurrentGCThread "G1 Main Marker"            [id=11212, stack(0x000000db7ee00000,0x000000db7ef00000) (1024K)]
  0x000001edf6ed7010 WorkerThread "G1 Conc#0"                       [id=13504, stack(0x000000db7ef00000,0x000000db7f000000) (1024K)]
  0x000001ed8b5b6e20 WorkerThread "G1 Conc#1"                       [id=880, stack(0x000000db01300000,0x000000db01400000) (1024K)]
  0x000001edff324900 ConcurrentGCThread "G1 Refine#0"               [id=19224, stack(0x000000db7f000000,0x000000db7f100000) (1024K)]
  0x000001edff325120 ConcurrentGCThread "G1 Service"                [id=9332, stack(0x000000db7f100000,0x000000db7f200000) (1024K)]
Total: 15

Threads with active compile tasks:
Total: 0

VM state: not at safepoint (normal execution)

VM Mutex/Monitor currently owned by a thread: None

Heap address: 0x0000000703400000, size: 4044 MB, Compressed Oops mode: Zero based, Oop shift amount: 3

CDS archive(s) not mapped
Compressed class space mapped at: 0x0000000800000000-0x0000000840000000, reserved size: 1073741824
Narrow klass base: 0x0000000800000000, Narrow klass shift: 0, Narrow klass range: 0x40000000

GC Precious Log:
 CardTable entry size: 512
 Card Set container configuration: InlinePtr #cards 4 size 8 Array Of Cards #cards 16 size 48 Howl #buckets 8 coarsen threshold 3686 Howl Bitmap #cards 512 size 80 coarsen threshold 460 Card regions per heap region 1 cards per card region 4096
 CPUs: 8 total, 8 available
 Memory: 16172M
 Large Page Support: Disabled
 NUMA Support: Disabled
 Compressed Oops: Enabled (Zero based)
 Heap Region Size: 2M
 Heap Min Capacity: 8M
 Heap Initial Capacity: 254M
 Heap Max Capacity: 4044M
 Pre-touch: Disabled
 Parallel Workers: 8
 Concurrent Workers: 2
 Concurrent Refinement Workers: 8
 Periodic GC: Disabled

Heap:
 garbage-first heap   total 96256K, used 74864K [0x0000000703400000, 0x0000000800000000)
  region size 2048K, 26 young (53248K), 4 survivors (8192K)
 Metaspace       used 83354K, committed 84160K, reserved 1179648K
  class space    used 10920K, committed 11264K, reserved 1048576K

Heap Regions: E=young(eden), S=young(survivor), O=old, HS=humongous(starts), HC=humongous(continues), CS=collection set, F=free, TAMS=top-at-mark-start, PB=parsable bottom
|   0|0x0000000703400000, 0x0000000703600000, 0x0000000703600000|100%| O|  |TAMS 0x0000000703400000| PB 0x0000000703400000| Untracked 
|   1|0x0000000703600000, 0x0000000703800000, 0x0000000703800000|100%| O|  |TAMS 0x0000000703600000| PB 0x0000000703600000| Untracked 
|   2|0x0000000703800000, 0x0000000703a00000, 0x0000000703a00000|100%| O|  |TAMS 0x0000000703800000| PB 0x0000000703800000| Untracked 
|   3|0x0000000703a00000, 0x0000000703c00000, 0x0000000703c00000|100%| O|  |TAMS 0x0000000703a00000| PB 0x0000000703a00000| Untracked 
|   4|0x0000000703c00000, 0x0000000703e00000, 0x0000000703e00000|100%| O|  |TAMS 0x0000000703c00000| PB 0x0000000703c00000| Untracked 
|   5|0x0000000703e00000, 0x0000000704000000, 0x0000000704000000|100%| O|  |TAMS 0x0000000703e00000| PB 0x0000000703e00000| Untracked 
|   6|0x0000000704000000, 0x0000000704200000, 0x0000000704200000|100%| O|  |TAMS 0x0000000704000000| PB 0x0000000704000000| Untracked 
|   7|0x0000000704200000, 0x0000000704400000, 0x0000000704400000|100%| O|  |TAMS 0x0000000704200000| PB 0x0000000704200000| Untracked 
|   8|0x0000000704400000, 0x0000000704600000, 0x0000000704600000|100%| O|  |TAMS 0x0000000704400000| PB 0x0000000704400000| Untracked 
|   9|0x0000000704600000, 0x0000000704800000, 0x0000000704800000|100%| O|  |TAMS 0x0000000704600000| PB 0x0000000704600000| Untracked 
|  10|0x0000000704800000, 0x0000000704a00000, 0x0000000704a00000|100%| O|  |TAMS 0x0000000704800000| PB 0x0000000704800000| Untracked 
|  11|0x0000000704a00000, 0x0000000704c00000, 0x0000000704c00000|100%| O|  |TAMS 0x0000000704a00000| PB 0x0000000704a00000| Untracked 
|  12|0x0000000704c00000, 0x0000000704e00000, 0x0000000704e00000|100%| O|  |TAMS 0x0000000704c00000| PB 0x0000000704c00000| Untracked 
|  13|0x0000000704e00000, 0x0000000704e4f818, 0x0000000705000000| 15%| O|  |TAMS 0x0000000704e00000| PB 0x0000000704e00000| Untracked 
|  14|0x0000000705000000, 0x0000000705000000, 0x0000000705200000|  0%| F|  |TAMS 0x0000000705000000| PB 0x0000000705000000| Untracked 
|  15|0x0000000705200000, 0x00000007052cc900, 0x0000000705400000| 39%| S|CS|TAMS 0x0000000705200000| PB 0x0000000705200000| Complete 
|  16|0x0000000705400000, 0x0000000705600000, 0x0000000705600000|100%| S|CS|TAMS 0x0000000705400000| PB 0x0000000705400000| Complete 
|  17|0x0000000705600000, 0x0000000705800000, 0x0000000705800000|100%| S|CS|TAMS 0x0000000705600000| PB 0x0000000705600000| Complete 
|  18|0x0000000705800000, 0x0000000705a00000, 0x0000000705a00000|100%| S|CS|TAMS 0x0000000705800000| PB 0x0000000705800000| Complete 
|  19|0x0000000705a00000, 0x0000000705a00000, 0x0000000705c00000|  0%| F|  |TAMS 0x0000000705a00000| PB 0x0000000705a00000| Untracked 
|  20|0x0000000705c00000, 0x0000000705c00000, 0x0000000705e00000|  0%| F|  |TAMS 0x0000000705c00000| PB 0x0000000705c00000| Untracked 
|  21|0x0000000705e00000, 0x0000000705e00000, 0x0000000706000000|  0%| F|  |TAMS 0x0000000705e00000| PB 0x0000000705e00000| Untracked 
|  22|0x0000000706000000, 0x0000000706000000, 0x0000000706200000|  0%| F|  |TAMS 0x0000000706000000| PB 0x0000000706000000| Untracked 
|  23|0x0000000706200000, 0x0000000706200000, 0x0000000706400000|  0%| F|  |TAMS 0x0000000706200000| PB 0x0000000706200000| Untracked 
|  24|0x0000000706400000, 0x0000000706400000, 0x0000000706600000|  0%| F|  |TAMS 0x0000000706400000| PB 0x0000000706400000| Untracked 
|  25|0x0000000706600000, 0x0000000706751728, 0x0000000706800000| 65%| E|  |TAMS 0x0000000706600000| PB 0x0000000706600000| Complete 
|  26|0x0000000706800000, 0x0000000706a00000, 0x0000000706a00000|100%| E|CS|TAMS 0x0000000706800000| PB 0x0000000706800000| Complete 
|  27|0x0000000706a00000, 0x0000000706c00000, 0x0000000706c00000|100%| E|CS|TAMS 0x0000000706a00000| PB 0x0000000706a00000| Complete 
|  28|0x0000000706c00000, 0x0000000706e00000, 0x0000000706e00000|100%| E|CS|TAMS 0x0000000706c00000| PB 0x0000000706c00000| Complete 
|  29|0x0000000706e00000, 0x0000000707000000, 0x0000000707000000|100%| E|CS|TAMS 0x0000000706e00000| PB 0x0000000706e00000| Complete 
|  30|0x0000000707000000, 0x0000000707200000, 0x0000000707200000|100%| E|CS|TAMS 0x0000000707000000| PB 0x0000000707000000| Complete 
|  31|0x0000000707200000, 0x0000000707400000, 0x0000000707400000|100%| E|CS|TAMS 0x0000000707200000| PB 0x0000000707200000| Complete 
|  32|0x0000000707400000, 0x0000000707600000, 0x0000000707600000|100%| E|CS|TAMS 0x0000000707400000| PB 0x0000000707400000| Complete 
|  33|0x0000000707600000, 0x0000000707800000, 0x0000000707800000|100%| E|CS|TAMS 0x0000000707600000| PB 0x0000000707600000| Complete 
|  34|0x0000000707800000, 0x0000000707a00000, 0x0000000707a00000|100%| E|CS|TAMS 0x0000000707800000| PB 0x0000000707800000| Complete 
|  35|0x0000000707a00000, 0x0000000707c00000, 0x0000000707c00000|100%| E|CS|TAMS 0x0000000707a00000| PB 0x0000000707a00000| Complete 
|  36|0x0000000707c00000, 0x0000000707e00000, 0x0000000707e00000|100%| E|  |TAMS 0x0000000707c00000| PB 0x0000000707c00000| Complete 
|  37|0x0000000707e00000, 0x0000000708000000, 0x0000000708000000|100%| E|CS|TAMS 0x0000000707e00000| PB 0x0000000707e00000| Complete 
|  38|0x0000000708000000, 0x0000000708200000, 0x0000000708200000|100%| E|CS|TAMS 0x0000000708000000| PB 0x0000000708000000| Complete 
|  39|0x0000000708200000, 0x0000000708400000, 0x0000000708400000|100%| E|CS|TAMS 0x0000000708200000| PB 0x0000000708200000| Complete 
|  44|0x0000000708c00000, 0x0000000708e00000, 0x0000000708e00000|100%| E|CS|TAMS 0x0000000708c00000| PB 0x0000000708c00000| Complete 
|  45|0x0000000708e00000, 0x0000000709000000, 0x0000000709000000|100%| E|CS|TAMS 0x0000000708e00000| PB 0x0000000708e00000| Complete 
|  46|0x0000000709000000, 0x0000000709200000, 0x0000000709200000|100%| E|CS|TAMS 0x0000000709000000| PB 0x0000000709000000| Complete 
|  47|0x0000000709200000, 0x0000000709400000, 0x0000000709400000|100%| E|CS|TAMS 0x0000000709200000| PB 0x0000000709200000| Complete 
|  48|0x0000000709400000, 0x0000000709600000, 0x0000000709600000|100%| E|CS|TAMS 0x0000000709400000| PB 0x0000000709400000| Complete 
|  77|0x000000070ce00000, 0x000000070d000000, 0x000000070d000000|100%| E|CS|TAMS 0x000000070ce00000| PB 0x000000070ce00000| Complete 
| 126|0x0000000713000000, 0x0000000713200000, 0x0000000713200000|100%| E|CS|TAMS 0x0000000713000000| PB 0x0000000713000000| Complete 

Card table byte_map: [0x000001edfe250000,0x000001edfea40000] _byte_map_base: 0x000001edfaa36000

Marking Bits: (CMBitMap*) 0x000001edf6ec6060
 Bits: [0x000001ed80000000, 0x000001ed83f30000)

Polling page: 0x000001edf4d20000

Metaspace:

Usage:
  Non-class:     70.74 MB used.
      Class:     10.66 MB used.
       Both:     81.40 MB used.

Virtual space:
  Non-class space:      128.00 MB reserved,      71.19 MB ( 56%) committed,  2 nodes.
      Class space:        1.00 GB reserved,      11.00 MB (  1%) committed,  1 nodes.
             Both:        1.12 GB reserved,      82.19 MB (  7%) committed. 

Chunk freelists:
   Non-Class:  8.47 MB
       Class:  4.98 MB
        Both:  13.45 MB

MaxMetaspaceSize: unlimited
CompressedClassSpaceSize: 1.00 GB
Initial GC threshold: 21.00 MB
Current GC threshold: 99.00 MB
CDS: off
 - commit_granule_bytes: 65536.
 - commit_granule_words: 8192.
 - virtual_space_node_default_size: 8388608.
 - enlarge_chunks_in_place: 1.
 - use_allocation_guard: 0.


Internal statistics:

num_allocs_failed_limit: 11.
num_arena_births: 1102.
num_arena_deaths: 0.
num_vsnodes_births: 3.
num_vsnodes_deaths: 0.
num_space_committed: 1315.
num_space_uncommitted: 0.
num_chunks_returned_to_freelist: 11.
num_chunks_taken_from_freelist: 3629.
num_chunk_merges: 11.
num_chunk_splits: 2593.
num_chunks_enlarged: 1974.
num_inconsistent_stats: 0.

CodeCache: size=49152Kb used=13348Kb max_used=14693Kb free=35803Kb
 bounds [0x000001edfa950000, 0x000001edfb7b0000, 0x000001edfd950000]
 total_blobs=7726 nmethods=6971 adapters=678
 compilation: enabled
              stopped_count=0, restarted_count=0
 full_count=0

Compilation events (20 events):
Event: 128.298 Thread 0x000001ed8a0cbfa0 7023  s    1       org.apache.tomcat.util.collections.SynchronizedQueue::size (23 bytes)
Event: 128.299 Thread 0x000001ed8a0cbfa0 nmethod 7023 0x000001edfabfe710 code [0x000001edfabfe8a0, 0x000001edfabfea40]
Event: 133.552 Thread 0x000001ed8a0cbfa0 7024   !   1       java.lang.Thread::afterSleep (13 bytes)
Event: 133.552 Thread 0x000001ed8a0cbfa0 nmethod 7024 0x000001edfabfe390 code [0x000001edfabfe520, 0x000001edfabfe618]
Event: 135.178 Thread 0x000001ed8a0cbfa0 7025       1       java.util.Date::<init> (10 bytes)
Event: 135.179 Thread 0x000001ed8a0cbfa0 nmethod 7025 0x000001edfabfe090 code [0x000001edfabfe220, 0x000001edfabfe2e8]
Event: 135.367 Thread 0x000001ed8a0cbfa0 7026       1       org.apache.tomcat.util.net.SocketProperties::getTimeoutInterval (5 bytes)
Event: 135.367 Thread 0x000001ed8a0cbfa0 nmethod 7026 0x000001edfabfdd90 code [0x000001edfabfdf20, 0x000001edfabfdfe8]
Event: 135.586 Thread 0x000001ed8a0cbfa0 7027       1       org.springframework.boot.devtools.filewatch.FileSystemWatcher$Watcher::isDifferent (105 bytes)
Event: 135.586 Thread 0x000001ed8a0cbfa0 nmethod 7027 0x000001edfabfd410 code [0x000001edfabfd660, 0x000001edfabfdad8]
Event: 135.586 Thread 0x000001ed8a0cbfa0 7028       1       org.springframework.boot.devtools.filewatch.DirectorySnapshot::equals (46 bytes)
Event: 135.586 Thread 0x000001ed8a0cbfa0 nmethod 7028 0x000001edfabfcd10 code [0x000001edfabfcee0, 0x000001edfabfd1b8]
Event: 135.586 Thread 0x000001ed8a0cbfa0 7029       1       java.util.Collections$UnmodifiableSet::equals (24 bytes)
Event: 135.587 Thread 0x000001ed8a0cbfa0 nmethod 7029 0x000001edfabfc990 code [0x000001edfabfcb20, 0x000001edfabfcc50]
Event: 136.089 Thread 0x000001ed8a0cbfa0 7030       1       java.lang.Thread::onSpinWait (1 bytes)
Event: 136.089 Thread 0x000001ed8a0cbfa0 nmethod 7030 0x000001edfabfc690 code [0x000001edfabfc820, 0x000001edfabfc8c8]
Event: 147.686 Thread 0x000001ed8a0cbfa0 7032       1       java.util.concurrent.locks.AbstractQueuedSynchronizer$Node::setPrevRelaxed (12 bytes)
Event: 147.686 Thread 0x000001ed8a0cbfa0 nmethod 7032 0x000001edfabfbf10 code [0x000001edfabfc0a0, 0x000001edfabfc1c8]
Event: 147.686 Thread 0x000001ed8a0cbfa0 7033       1       java.util.concurrent.locks.AbstractQueuedSynchronizer::casTail (13 bytes)
Event: 147.686 Thread 0x000001ed8a0cbfa0 nmethod 7033 0x000001edfabfbb90 code [0x000001edfabfbd20, 0x000001edfabfbe58]

GC Heap History (20 events):
Event: 2.802 GC heap before
{Heap before GC invocations=11 (full 0):
 garbage-first heap   total 61440K, used 44539K [0x0000000703400000, 0x0000000800000000)
  region size 2048K, 18 young (36864K), 4 survivors (8192K)
 Metaspace       used 38396K, committed 38912K, reserved 1114112K
  class space    used 4616K, committed 4864K, reserved 1048576K
}
Event: 2.808 GC heap after
{Heap after GC invocations=12 (full 0):
 garbage-first heap   total 61440K, used 17193K [0x0000000703400000, 0x0000000800000000)
  region size 2048K, 2 young (4096K), 2 survivors (4096K)
 Metaspace       used 38396K, committed 38912K, reserved 1114112K
  class space    used 4616K, committed 4864K, reserved 1048576K
}
Event: 3.134 GC heap before
{Heap before GC invocations=12 (full 0):
 garbage-first heap   total 61440K, used 49961K [0x0000000703400000, 0x0000000800000000)
  region size 2048K, 18 young (36864K), 2 survivors (4096K)
 Metaspace       used 40817K, committed 41408K, reserved 1114112K
  class space    used 4951K, committed 5248K, reserved 1048576K
}
Event: 3.137 GC heap after
{Heap after GC invocations=13 (full 0):
 garbage-first heap   total 61440K, used 19450K [0x0000000703400000, 0x0000000800000000)
  region size 2048K, 3 young (6144K), 3 survivors (6144K)
 Metaspace       used 40817K, committed 41408K, reserved 1114112K
  class space    used 4951K, committed 5248K, reserved 1048576K
}
Event: 3.487 GC heap before
{Heap before GC invocations=13 (full 0):
 garbage-first heap   total 61440K, used 48122K [0x0000000703400000, 0x0000000800000000)
  region size 2048K, 17 young (34816K), 3 survivors (6144K)
 Metaspace       used 42989K, committed 43584K, reserved 1114112K
  class space    used 5213K, committed 5504K, reserved 1048576K
}
Event: 3.491 GC heap after
{Heap after GC invocations=14 (full 0):
 garbage-first heap   total 161792K, used 20526K [0x0000000703400000, 0x0000000800000000)
  region size 2048K, 2 young (4096K), 2 survivors (4096K)
 Metaspace       used 42989K, committed 43584K, reserved 1114112K
  class space    used 5213K, committed 5504K, reserved 1048576K
}
Event: 4.241 GC heap before
{Heap before GC invocations=14 (full 0):
 garbage-first heap   total 161792K, used 110638K [0x0000000703400000, 0x0000000800000000)
  region size 2048K, 47 young (96256K), 2 survivors (4096K)
 Metaspace       used 51581K, committed 52224K, reserved 1114112K
  class space    used 6410K, committed 6656K, reserved 1048576K
}
Event: 4.245 GC heap after
{Heap after GC invocations=15 (full 0):
 garbage-first heap   total 161792K, used 22926K [0x0000000703400000, 0x0000000800000000)
  region size 2048K, 3 young (6144K), 3 survivors (6144K)
 Metaspace       used 51581K, committed 52224K, reserved 1114112K
  class space    used 6410K, committed 6656K, reserved 1048576K
}
Event: 4.848 GC heap before
{Heap before GC invocations=15 (full 0):
 garbage-first heap   total 161792K, used 82318K [0x0000000703400000, 0x0000000800000000)
  region size 2048K, 33 young (67584K), 3 survivors (6144K)
 Metaspace       used 59891K, committed 60480K, reserved 1114112K
  class space    used 7513K, committed 7808K, reserved 1048576K
}
Event: 4.853 GC heap after
{Heap after GC invocations=16 (full 0):
 garbage-first heap   total 161792K, used 25503K [0x0000000703400000, 0x0000000800000000)
  region size 2048K, 5 young (10240K), 5 survivors (10240K)
 Metaspace       used 59891K, committed 60480K, reserved 1114112K
  class space    used 7513K, committed 7808K, reserved 1048576K
}
Event: 5.186 GC heap before
{Heap before GC invocations=17 (full 0):
 garbage-first heap   total 96256K, used 70559K [0x0000000703400000, 0x0000000800000000)
  region size 2048K, 28 young (57344K), 5 survivors (10240K)
 Metaspace       used 65258K, committed 65920K, reserved 1114112K
  class space    used 8282K, committed 8576K, reserved 1048576K
}
Event: 5.192 GC heap after
{Heap after GC invocations=18 (full 0):
 garbage-first heap   total 96256K, used 26266K [0x0000000703400000, 0x0000000800000000)
  region size 2048K, 2 young (4096K), 2 survivors (4096K)
 Metaspace       used 65258K, committed 65920K, reserved 1114112K
  class space    used 8282K, committed 8576K, reserved 1048576K
}
Event: 5.613 GC heap before
{Heap before GC invocations=18 (full 0):
 garbage-first heap   total 96256K, used 77466K [0x0000000703400000, 0x0000000800000000)
  region size 2048K, 28 young (57344K), 2 survivors (4096K)
 Metaspace       used 70112K, committed 70784K, reserved 1114112K
  class space    used 9114K, committed 9408K, reserved 1048576K
}
Event: 5.616 GC heap after
{Heap after GC invocations=19 (full 0):
 garbage-first heap   total 96256K, used 27391K [0x0000000703400000, 0x0000000800000000)
  region size 2048K, 3 young (6144K), 3 survivors (6144K)
 Metaspace       used 70112K, committed 70784K, reserved 1114112K
  class space    used 9114K, committed 9408K, reserved 1048576K
}
Event: 6.072 GC heap before
{Heap before GC invocations=19 (full 0):
 garbage-first heap   total 96256K, used 78591K [0x0000000703400000, 0x0000000800000000)
  region size 2048K, 28 young (57344K), 3 survivors (6144K)
 Metaspace       used 74083K, committed 74752K, reserved 1179648K
  class space    used 9626K, committed 9920K, reserved 1048576K
}
Event: 6.076 GC heap after
{Heap after GC invocations=20 (full 0):
 garbage-first heap   total 96256K, used 29141K [0x0000000703400000, 0x0000000800000000)
  region size 2048K, 4 young (8192K), 4 survivors (8192K)
 Metaspace       used 74083K, committed 74752K, reserved 1179648K
  class space    used 9626K, committed 9920K, reserved 1048576K
}
Event: 6.404 GC heap before
{Heap before GC invocations=20 (full 0):
 garbage-first heap   total 96256K, used 78293K [0x0000000703400000, 0x0000000800000000)
  region size 2048K, 28 young (57344K), 4 survivors (8192K)
 Metaspace       used 75680K, committed 76480K, reserved 1179648K
  class space    used 9851K, committed 10240K, reserved 1048576K
}
Event: 6.409 GC heap after
{Heap after GC invocations=21 (full 0):
 garbage-first heap   total 96256K, used 31073K [0x0000000703400000, 0x0000000800000000)
  region size 2048K, 3 young (6144K), 3 survivors (6144K)
 Metaspace       used 75680K, committed 76480K, reserved 1179648K
  class space    used 9851K, committed 10240K, reserved 1048576K
}
Event: 19.844 GC heap before
{Heap before GC invocations=21 (full 0):
 garbage-first heap   total 96256K, used 80225K [0x0000000703400000, 0x0000000800000000)
  region size 2048K, 28 young (57344K), 3 survivors (6144K)
 Metaspace       used 79071K, committed 79744K, reserved 1179648K
  class space    used 10323K, committed 10624K, reserved 1048576K
}
Event: 19.849 GC heap after
{Heap after GC invocations=22 (full 0):
 garbage-first heap   total 96256K, used 33904K [0x0000000703400000, 0x0000000800000000)
  region size 2048K, 4 young (8192K), 4 survivors (8192K)
 Metaspace       used 79071K, committed 79744K, reserved 1179648K
  class space    used 10323K, committed 10624K, reserved 1048576K
}

Dll operation events (12 events):
Event: 0.011 Loaded shared library C:\spring-tool-suite-4-4.25.0.RELEASE-e4.33.0-win32.win32.x86_64\sts-4.25.0.RELEASE\plugins\org.eclipse.justj.openjdk.hotspot.jre.full.win32.x86_64_21.0.4.v20240802-1551\jre\bin\java.dll
Event: 0.017 Loaded shared library C:\spring-tool-suite-4-4.25.0.RELEASE-e4.33.0-win32.win32.x86_64\sts-4.25.0.RELEASE\plugins\org.eclipse.justj.openjdk.hotspot.jre.full.win32.x86_64_21.0.4.v20240802-1551\jre\bin\zip.dll
Event: 0.206 Loaded shared library C:\spring-tool-suite-4-4.25.0.RELEASE-e4.33.0-win32.win32.x86_64\sts-4.25.0.RELEASE\plugins\org.eclipse.justj.openjdk.hotspot.jre.full.win32.x86_64_21.0.4.v20240802-1551\jre\bin\instrument.dll
Event: 0.218 Loaded shared library C:\spring-tool-suite-4-4.25.0.RELEASE-e4.33.0-win32.win32.x86_64\sts-4.25.0.RELEASE\plugins\org.eclipse.justj.openjdk.hotspot.jre.full.win32.x86_64_21.0.4.v20240802-1551\jre\bin\net.dll
Event: 0.219 Loaded shared library C:\spring-tool-suite-4-4.25.0.RELEASE-e4.33.0-win32.win32.x86_64\sts-4.25.0.RELEASE\plugins\org.eclipse.justj.openjdk.hotspot.jre.full.win32.x86_64_21.0.4.v20240802-1551\jre\bin\nio.dll
Event: 0.227 Loaded shared library C:\spring-tool-suite-4-4.25.0.RELEASE-e4.33.0-win32.win32.x86_64\sts-4.25.0.RELEASE\plugins\org.eclipse.justj.openjdk.hotspot.jre.full.win32.x86_64_21.0.4.v20240802-1551\jre\bin\zip.dll
Event: 0.357 Loaded shared library C:\spring-tool-suite-4-4.25.0.RELEASE-e4.33.0-win32.win32.x86_64\sts-4.25.0.RELEASE\plugins\org.eclipse.justj.openjdk.hotspot.jre.full.win32.x86_64_21.0.4.v20240802-1551\jre\bin\jimage.dll
Event: 0.403 Loaded shared library C:\spring-tool-suite-4-4.25.0.RELEASE-e4.33.0-win32.win32.x86_64\sts-4.25.0.RELEASE\plugins\org.eclipse.justj.openjdk.hotspot.jre.full.win32.x86_64_21.0.4.v20240802-1551\jre\bin\management.dll
Event: 0.413 Loaded shared library C:\spring-tool-suite-4-4.25.0.RELEASE-e4.33.0-win32.win32.x86_64\sts-4.25.0.RELEASE\plugins\org.eclipse.justj.openjdk.hotspot.jre.full.win32.x86_64_21.0.4.v20240802-1551\jre\bin\management_ext.dll
Event: 0.615 Loaded shared library C:\spring-tool-suite-4-4.25.0.RELEASE-e4.33.0-win32.win32.x86_64\sts-4.25.0.RELEASE\plugins\org.eclipse.justj.openjdk.hotspot.jre.full.win32.x86_64_21.0.4.v20240802-1551\jre\bin\extnet.dll
Event: 0.644 Loaded shared library C:\spring-tool-suite-4-4.25.0.RELEASE-e4.33.0-win32.win32.x86_64\sts-4.25.0.RELEASE\plugins\org.eclipse.justj.openjdk.hotspot.jre.full.win32.x86_64_21.0.4.v20240802-1551\jre\bin\verify.dll
Event: 1.616 Loaded shared library C:\spring-tool-suite-4-4.25.0.RELEASE-e4.33.0-win32.win32.x86_64\sts-4.25.0.RELEASE\plugins\org.eclipse.justj.openjdk.hotspot.jre.full.win32.x86_64_21.0.4.v20240802-1551\jre\bin\sunmscapi.dll

Deoptimization events (20 events):
Event: 20.104 Thread 0x000001ed8dc65700 DEOPT PACKING pc=0x000001edfb11426c sp=0x000000db01ffc5d0
Event: 20.104 Thread 0x000001ed8dc65700 DEOPT UNPACKING pc=0x000001edfa9a4e42 sp=0x000000db01ffbb08 mode 1
Event: 20.104 Thread 0x000001ed8dc65700 DEOPT PACKING pc=0x000001edfb115574 sp=0x000000db01ffc6c0
Event: 20.105 Thread 0x000001ed8dc65700 DEOPT UNPACKING pc=0x000001edfa9a4e42 sp=0x000000db01ffbc70 mode 1
Event: 20.105 Thread 0x000001ed8dc65700 DEOPT PACKING pc=0x000001edfb117a2c sp=0x000000db01ffc830
Event: 20.105 Thread 0x000001ed8dc65700 DEOPT UNPACKING pc=0x000001edfa9a4e42 sp=0x000000db01ffbdf0 mode 1
Event: 20.115 Thread 0x000001ed8dc65700 DEOPT PACKING pc=0x000001edfae92859 sp=0x000000db01ffc680
Event: 20.115 Thread 0x000001ed8dc65700 DEOPT UNPACKING pc=0x000001edfa9a4e42 sp=0x000000db01ffbad8 mode 1
Event: 20.115 Thread 0x000001ed8dc65700 DEOPT PACKING pc=0x000001edfae8c88c sp=0x000000db01ffc710
Event: 20.115 Thread 0x000001ed8dc65700 DEOPT UNPACKING pc=0x000001edfa9a4e42 sp=0x000000db01ffbbc8 mode 1
Event: 20.115 Thread 0x000001ed8dc65700 DEOPT PACKING pc=0x000001edfae92859 sp=0x000000db01ffc740
Event: 20.115 Thread 0x000001ed8dc65700 DEOPT UNPACKING pc=0x000001edfa9a4e42 sp=0x000000db01ffbb98 mode 1
Event: 20.115 Thread 0x000001ed8dc65700 DEOPT PACKING pc=0x000001edfae8c88c sp=0x000000db01ffc7d0
Event: 20.115 Thread 0x000001ed8dc65700 DEOPT UNPACKING pc=0x000001edfa9a4e42 sp=0x000000db01ffbc88 mode 1
Event: 20.115 Thread 0x000001ed8dc65700 DEOPT PACKING pc=0x000001edfae92859 sp=0x000000db01ffc810
Event: 20.115 Thread 0x000001ed8dc65700 DEOPT UNPACKING pc=0x000001edfa9a4e42 sp=0x000000db01ffbc68 mode 1
Event: 20.115 Thread 0x000001ed8dc65700 DEOPT PACKING pc=0x000001edfae8c88c sp=0x000000db01ffc8a0
Event: 20.115 Thread 0x000001ed8dc65700 DEOPT UNPACKING pc=0x000001edfa9a4e42 sp=0x000000db01ffbd58 mode 1
Event: 148.706 Thread 0x000001ed8dc684f0 DEOPT PACKING pc=0x000001edfb3eb63c sp=0x000000db01cfd060
Event: 148.706 Thread 0x000001ed8dc684f0 DEOPT UNPACKING pc=0x000001edfa9a4e42 sp=0x000000db01cfc508 mode 0

Classes loaded (20 events):
Event: 19.855 Loading class java/io/PushbackInputStream
Event: 19.855 Loading class java/io/PushbackInputStream done
Event: 19.855 Loading class java/util/OptionalLong
Event: 19.855 Loading class java/util/OptionalLong done
Event: 19.855 Loading class java/util/OptionalDouble
Event: 19.856 Loading class java/util/OptionalDouble done
Event: 20.012 Loading class java/util/regex/Pattern$Bound
Event: 20.012 Loading class java/util/regex/Pattern$Bound done
Event: 20.085 Loading class java/util/function/LongSupplier
Event: 20.085 Loading class java/util/function/LongSupplier done
Event: 20.123 Loading class java/util/stream/LongStream
Event: 20.124 Loading class java/util/stream/LongStream done
Event: 20.124 Loading class java/util/stream/DoubleStream
Event: 20.124 Loading class java/util/stream/DoubleStream done
Event: 20.137 Loading class org/w3c/dom/Node
Event: 20.138 Loading class org/w3c/dom/Node done
Event: 20.138 Loading class org/w3c/dom/Document
Event: 20.138 Loading class org/w3c/dom/Document done
Event: 135.207 Loading class java/lang/Throwable$WrappedPrintStream
Event: 135.207 Loading class java/lang/Throwable$WrappedPrintStream done

Classes unloaded (0 events):
No events

Classes redefined (1 events):
Event: 148.733 Thread 0x000001edff468220 redefined class name=com.chegusBoot.service.DataServ, count=1

Internal exceptions (20 events):
Event: 5.726 Thread 0x000001ed8b454130 Exception <a 'java/lang/NoSuchMethodError'{0x0000000708f22780}: 'java.lang.Object java.lang.invoke.DirectMethodHandle$Holder.invokeSpecial(java.lang.Object, java.lang.Object, int, java.lang.Object, int)'> (0x0000000708f22780) 
thrown [s\src\hotspot\share\interpreter\linkResolver.cpp, line 773]
Event: 5.766 Thread 0x000001ed8b454130 Exception <a 'java/lang/NoSuchMethodError'{0x0000000708cf29c0}: 'void java.lang.invoke.Invokers$Holder.invokeExact_MT(java.lang.Object, java.lang.Object, java.lang.Object, java.lang.Object)'> (0x0000000708cf29c0) 
thrown [s\src\hotspot\share\interpreter\linkResolver.cpp, line 773]
Event: 5.854 Thread 0x000001ed8b454130 Exception <a 'java/lang/IncompatibleClassChangeError'{0x0000000707ffd3a0}: Found class java.lang.Object, but interface was expected> (0x0000000707ffd3a0) 
thrown [s\src\hotspot\share\interpreter\linkResolver.cpp, line 840]
Event: 5.867 Thread 0x000001ed8b454130 Exception <a 'java/lang/IncompatibleClassChangeError'{0x0000000707da24f8}: Found class java.lang.Object, but interface was expected> (0x0000000707da24f8) 
thrown [s\src\hotspot\share\interpreter\linkResolver.cpp, line 840]
Event: 5.901 Thread 0x000001ed8b454130 Exception <a 'java/lang/IncompatibleClassChangeError'{0x000000070799d130}: Found class java.lang.Object, but interface was expected> (0x000000070799d130) 
thrown [s\src\hotspot\share\interpreter\linkResolver.cpp, line 840]
Event: 6.021 Thread 0x000001ed8b454130 Exception <a 'java/lang/IncompatibleClassChangeError'{0x00000007068352c0}: Found class java.lang.Object, but interface was expected> (0x00000007068352c0) 
thrown [s\src\hotspot\share\interpreter\linkResolver.cpp, line 840]
Event: 6.236 Thread 0x000001ed8b454130 Exception <a 'java/lang/NoSuchMethodError'{0x00000007074f9b28}: 'java.lang.Object java.lang.invoke.DirectMethodHandle$Holder.newInvokeSpecial(java.lang.Object, java.lang.Object, java.lang.Object, java.lang.Object, java.lang.Object, java.lang.Object, java.lang.Object, java.lang.Object)'> (0x00000007074f9b28) 
thrown [s\src\hotspot\share\interpreter\linkResolver.cpp, line 773]
Event: 6.426 Thread 0x000001ed8b454130 Exception <a 'java/lang/IncompatibleClassChangeError'{0x000000070cfead80}: Found class java.lang.Object, but interface was expected> (0x000000070cfead80) 
thrown [s\src\hotspot\share\interpreter\linkResolver.cpp, line 840]
Event: 6.460 Thread 0x000001ed8b454130 Exception <a 'java/lang/NoSuchMethodError'{0x00000007093ba070}: 'void java.lang.invoke.DirectMethodHandle$Holder.invokeVirtual(java.lang.Object, java.lang.Object, long)'> (0x00000007093ba070) 
thrown [s\src\hotspot\share\interpreter\linkResolver.cpp, line 773]
Event: 6.519 Thread 0x000001ed8b454130 Exception <a 'java/lang/NoSuchMethodError'{0x00000007080bdfc8}: 'int java.lang.invoke.DirectMethodHandle$Holder.invokeStaticInit(java.lang.Object, java.lang.Object, java.lang.Object, java.lang.Object)'> (0x00000007080bdfc8) 
thrown [s\src\hotspot\share\interpreter\linkResolver.cpp, line 773]
Event: 6.554 Thread 0x000001ed8b454130 Exception <a 'java/lang/IncompatibleClassChangeError'{0x0000000707cba860}: Found class java.lang.Object, but interface was expected> (0x0000000707cba860) 
thrown [s\src\hotspot\share\interpreter\linkResolver.cpp, line 840]
Event: 6.657 Thread 0x000001ed8b454130 Exception <a 'java/lang/NoSuchMethodError'{0x0000000707375098}: 'java.lang.Object java.lang.invoke.DirectMethodHandle$Holder.newInvokeSpecial(java.lang.Object, java.lang.Object, int, java.lang.Object, java.lang.Object)'> (0x0000000707375098) 
thrown [s\src\hotspot\share\interpreter\linkResolver.cpp, line 773]
Event: 6.657 Thread 0x000001ed8b454130 Exception <a 'java/lang/NoSuchMethodError'{0x000000070737fe38}: 'java.lang.Object java.lang.invoke.DirectMethodHandle$Holder.invokeSpecial(java.lang.Object, java.lang.Object, int, java.lang.Object, int, java.lang.Object)'> (0x000000070737fe38) 
thrown [s\src\hotspot\share\interpreter\linkResolver.cpp, line 773]
Event: 6.658 Thread 0x000001ed8b454130 Exception <a 'java/lang/NoSuchMethodError'{0x00000007073873f8}: 'java.lang.Object java.lang.invoke.DirectMethodHandle$Holder.newInvokeSpecial(java.lang.Object, java.lang.Object, int, java.lang.Object, int)'> (0x00000007073873f8) 
thrown [s\src\hotspot\share\interpreter\linkResolver.cpp, line 773]
Event: 6.658 Thread 0x000001ed8b454130 Exception <a 'java/lang/NoSuchMethodError'{0x000000070738b2f8}: 'java.lang.Object java.lang.invoke.DirectMethodHandle$Holder.invokeSpecial(java.lang.Object, java.lang.Object, java.lang.Object, int, java.lang.Object, int)'> (0x000000070738b2f8) 
thrown [s\src\hotspot\share\interpreter\linkResolver.cpp, line 773]
Event: 19.767 Thread 0x000001ed8dc684f0 Exception <a 'java/lang/NoSuchMethodError'{0x00000007069756d0}: 'java.lang.Object java.lang.invoke.DirectMethodHandle$Holder.invokeSpecial(java.lang.Object, java.lang.Object, java.lang.Object, java.lang.Object, java.lang.Object, long)'> (0x00000007069756d0) 
thrown [s\src\hotspot\share\interpreter\linkResolver.cpp, line 773]
Event: 19.767 Thread 0x000001ed8dc684f0 Exception <a 'java/lang/NoSuchMethodError'{0x0000000706978ea0}: 'java.lang.Object java.lang.invoke.Invokers$Holder.linkToTargetMethod(java.lang.Object, java.lang.Object, java.lang.Object, long, java.lang.Object)'> (0x0000000706978ea0) 
thrown [s\src\hotspot\share\interpreter\linkResolver.cpp, line 773]
Event: 19.954 Thread 0x000001ed8dc65700 Exception <a 'java/lang/NoSuchMethodError'{0x00000007081eff70}: 'java.lang.Object java.lang.invoke.DirectMethodHandle$Holder.invokeInterface(java.lang.Object, java.lang.Object, java.lang.Object, java.lang.Object)'> (0x00000007081eff70) 
thrown [s\src\hotspot\share\interpreter\linkResolver.cpp, line 773]
Event: 20.052 Thread 0x000001ed8dc65700 Exception <a 'java/lang/NoSuchMethodError'{0x00000007075c3860}: 'void java.lang.invoke.DirectMethodHandle$Holder.invokeSpecialIFC(java.lang.Object, java.lang.Object, int, java.lang.Object, java.lang.Object, java.lang.Object, java.lang.Object)'> (0x00000007075c3860) 
thrown [s\src\hotspot\share\interpreter\linkResolver.cpp, line 773]
Event: 20.084 Thread 0x000001ed8dc65700 Exception <a 'java/lang/IncompatibleClassChangeError'{0x000000070703ef58}: Found class java.lang.Object, but interface was expected> (0x000000070703ef58) 
thrown [s\src\hotspot\share\interpreter\linkResolver.cpp, line 840]

ZGC Phase Switch (0 events):
No events

VM Operations (20 events):
Event: 120.323 Executing VM operation: HandshakeAllThreads (HandshakeForDeflation)
Event: 120.323 Executing VM operation: HandshakeAllThreads (HandshakeForDeflation) done
Event: 120.323 Executing VM operation: RendezvousGCThreads
Event: 120.323 Executing VM operation: RendezvousGCThreads done
Event: 135.161 Executing VM operation: get/set locals
Event: 135.161 Executing VM operation: get/set locals done
Event: 135.227 Executing VM operation: get/set locals
Event: 135.227 Executing VM operation: get/set locals done
Event: 148.706 Executing VM operation: ChangeSingleStep
Event: 148.706 Executing VM operation: ChangeSingleStep done
Event: 148.706 Executing VM operation: ChangeSingleStep
Event: 148.706 Executing VM operation: ChangeSingleStep done
Event: 148.726 Executing VM operation: RedefineClasses
Event: 148.756 Executing VM operation: RedefineClasses done
Event: 148.771 Executing VM operation: ChangeBreakpoints
Event: 148.773 Executing VM operation: ChangeBreakpoints done
Event: 148.786 Executing VM operation: ChangeBreakpoints
Event: 148.788 Executing VM operation: ChangeBreakpoints done
Event: 148.790 Executing VM operation: ChangeSingleStep
Event: 148.790 Executing VM operation: ChangeSingleStep done

Memory protections (0 events):
No events

Nmethod flushes (20 events):
Event: 4.875 Thread 0x000001edff468220 flushing  nmethod 0x000001edfad20990
Event: 4.875 Thread 0x000001edff468220 flushing  nmethod 0x000001edfad8cd90
Event: 4.875 Thread 0x000001edff468220 flushing  nmethod 0x000001edfafbf510
Event: 4.875 Thread 0x000001edff468220 flushing  nmethod 0x000001edfad6d190
Event: 4.875 Thread 0x000001edff468220 flushing  nmethod 0x000001edfaf0aa10
Event: 4.875 Thread 0x000001edff468220 flushing  nmethod 0x000001edfafe1610
Event: 4.875 Thread 0x000001edff468220 flushing  nmethod 0x000001edfb074590
Event: 4.875 Thread 0x000001edff468220 flushing  nmethod 0x000001edfb20f190
Event: 4.875 Thread 0x000001edff468220 flushing  nmethod 0x000001edfad5a610
Event: 4.875 Thread 0x000001edff468220 flushing  nmethod 0x000001edfafeda10
Event: 4.875 Thread 0x000001edff468220 flushing  nmethod 0x000001edfb138d10
Event: 4.875 Thread 0x000001edff468220 flushing  nmethod 0x000001edfb1d9e10
Event: 4.875 Thread 0x000001edff468220 flushing  nmethod 0x000001edfae7a390
Event: 4.875 Thread 0x000001edff468220 flushing  nmethod 0x000001edfac85a10
Event: 4.875 Thread 0x000001edff468220 flushing  nmethod 0x000001edfad84590
Event: 4.875 Thread 0x000001edff468220 flushing  nmethod 0x000001edfad84990
Event: 4.875 Thread 0x000001edff468220 flushing  nmethod 0x000001edfae32890
Event: 4.875 Thread 0x000001edff468220 flushing  nmethod 0x000001edfb103910
Event: 4.875 Thread 0x000001edff468220 flushing  nmethod 0x000001edfb19e590
Event: 4.875 Thread 0x000001edff468220 flushing  nmethod 0x000001edfb1a2690

Events (20 events):
Event: 6.664 Thread 0x000001ed8b454130 Thread added: 0x000001ed8dc68b80
Event: 6.665 Thread 0x000001ed8b454130 Thread added: 0x000001ed8dc65700
Event: 6.665 Thread 0x000001ed8b454130 Thread added: 0x000001ed8dc67e60
Event: 6.665 Thread 0x000001ed8b454130 Thread added: 0x000001ed8dc677d0
Event: 6.665 Thread 0x000001ed8b454130 Thread added: 0x000001ed8dc67140
Event: 6.665 Thread 0x000001ed8b454130 Thread added: 0x000001ed8dc69210
Event: 6.665 Thread 0x000001ed8b454130 Thread added: 0x000001ed8dc66ab0
Event: 6.665 Thread 0x000001ed8b454130 Thread added: 0x000001ed8dc65d90
Event: 6.665 Thread 0x000001ed8b454130 Thread added: 0x000001ed8dc6b2e0
Event: 6.678 Thread 0x000001ed8b454130 Thread added: 0x000001ed8dc698a0
Event: 6.680 Thread 0x000001ed8b454130 Thread added: 0x000001ed8dc6c000
Event: 6.704 Thread 0x000001ed8b454130 Thread exited: 0x000001ed8b454130
Event: 6.706 Thread 0x000001ed8b455100 Thread exited: 0x000001ed8b455100
Event: 6.709 Thread 0x000001edf6e59820 Thread exited: 0x000001edf6e59820
Event: 6.709 Thread 0x000001ed8dc69f30 Thread added: 0x000001ed8dc69f30
Event: 9.935 Thread 0x000001ed8b5aded0 Thread exited: 0x000001ed8b5aded0
Event: 10.255 Thread 0x000001ed8a273920 Thread exited: 0x000001ed8a273920
Event: 13.681 Thread 0x000001ed8a273270 Thread exited: 0x000001ed8a273270
Event: 13.681 Thread 0x000001ed8a284ec0 Thread exited: 0x000001ed8a284ec0
Event: 91.060 Thread 0x000001ed8b526e50 Thread exited: 0x000001ed8b526e50


Dynamic libraries:
0x00007ff687670000 - 0x00007ff68767e000 	C:\spring-tool-suite-4-4.25.0.RELEASE-e4.33.0-win32.win32.x86_64\sts-4.25.0.RELEASE\plugins\org.eclipse.justj.openjdk.hotspot.jre.full.win32.x86_64_21.0.4.v20240802-1551\jre\bin\javaw.exe
0x00007ff864760000 - 0x00007ff8649c3000 	C:\WINDOWS\SYSTEM32\ntdll.dll
0x00007ff863390000 - 0x00007ff863457000 	C:\WINDOWS\System32\KERNEL32.DLL
0x00007ff861ec0000 - 0x00007ff862261000 	C:\WINDOWS\System32\KERNELBASE.dll
0x00007ff861c90000 - 0x00007ff861ddb000 	C:\WINDOWS\System32\ucrtbase.dll
0x00007ffff96e0000 - 0x00007ffff96f8000 	C:\spring-tool-suite-4-4.25.0.RELEASE-e4.33.0-win32.win32.x86_64\sts-4.25.0.RELEASE\plugins\org.eclipse.justj.openjdk.hotspot.jre.full.win32.x86_64_21.0.4.v20240802-1551\jre\bin\jli.dll
0x00007ff862ed0000 - 0x00007ff863093000 	C:\WINDOWS\System32\USER32.dll
0x00007ff861de0000 - 0x00007ff861e07000 	C:\WINDOWS\System32\win32u.dll
0x00007ff862890000 - 0x00007ff8628ba000 	C:\WINDOWS\System32\GDI32.dll
0x00007ff862270000 - 0x00007ff862391000 	C:\WINDOWS\System32\gdi32full.dll
0x00007ff861e10000 - 0x00007ff861eb3000 	C:\WINDOWS\System32\msvcp_win.dll
0x00007ff8594b0000 - 0x00007ff8594cb000 	C:\spring-tool-suite-4-4.25.0.RELEASE-e4.33.0-win32.win32.x86_64\sts-4.25.0.RELEASE\plugins\org.eclipse.justj.openjdk.hotspot.jre.full.win32.x86_64_21.0.4.v20240802-1551\jre\bin\VCRUNTIME140.dll
0x00007ff842a70000 - 0x00007ff842d00000 	C:\WINDOWS\WinSxS\amd64_microsoft.windows.common-controls_6595b64144ccf1df_6.0.26100.1591_none_3e0fac18e32dc903\COMCTL32.dll
0x00007ff863d20000 - 0x00007ff863dc9000 	C:\WINDOWS\System32\msvcrt.dll
0x00007ff863bb0000 - 0x00007ff863bdf000 	C:\WINDOWS\System32\IMM32.DLL
0x00007ff859480000 - 0x00007ff85948c000 	C:\spring-tool-suite-4-4.25.0.RELEASE-e4.33.0-win32.win32.x86_64\sts-4.25.0.RELEASE\plugins\org.eclipse.justj.openjdk.hotspot.jre.full.win32.x86_64_21.0.4.v20240802-1551\jre\bin\vcruntime140_1.dll
0x00007ff855af0000 - 0x00007ff855b7e000 	C:\spring-tool-suite-4-4.25.0.RELEASE-e4.33.0-win32.win32.x86_64\sts-4.25.0.RELEASE\plugins\org.eclipse.justj.openjdk.hotspot.jre.full.win32.x86_64_21.0.4.v20240802-1551\jre\bin\msvcp140.dll
0x00007ffff7250000 - 0x00007ffff7fd8000 	C:\spring-tool-suite-4-4.25.0.RELEASE-e4.33.0-win32.win32.x86_64\sts-4.25.0.RELEASE\plugins\org.eclipse.justj.openjdk.hotspot.jre.full.win32.x86_64_21.0.4.v20240802-1551\jre\bin\server\jvm.dll
0x00007ff862e10000 - 0x00007ff862ec2000 	C:\WINDOWS\System32\ADVAPI32.dll
0x00007ff8625e0000 - 0x00007ff862687000 	C:\WINDOWS\System32\sechost.dll
0x00007ff863c00000 - 0x00007ff863d16000 	C:\WINDOWS\System32\RPCRT4.dll
0x00007ff863e50000 - 0x00007ff863ec4000 	C:\WINDOWS\System32\WS2_32.dll
0x00007ff861a10000 - 0x00007ff861a5e000 	C:\WINDOWS\SYSTEM32\POWRPROF.dll
0x00007ff855c90000 - 0x00007ff855cc6000 	C:\WINDOWS\SYSTEM32\WINMM.dll
0x00007ff856380000 - 0x00007ff85638b000 	C:\WINDOWS\SYSTEM32\VERSION.dll
0x00007ff8619f0000 - 0x00007ff861a04000 	C:\WINDOWS\SYSTEM32\UMPDC.dll
0x00007ff8609d0000 - 0x00007ff8609ea000 	C:\WINDOWS\SYSTEM32\kernel.appcore.dll
0x00007ff82d3f0000 - 0x00007ff82d3fa000 	C:\spring-tool-suite-4-4.25.0.RELEASE-e4.33.0-win32.win32.x86_64\sts-4.25.0.RELEASE\plugins\org.eclipse.justj.openjdk.hotspot.jre.full.win32.x86_64_21.0.4.v20240802-1551\jre\bin\jimage.dll
0x00007ff85f4f0000 - 0x00007ff85f731000 	C:\WINDOWS\SYSTEM32\DBGHELP.DLL
0x00007ff863f50000 - 0x00007ff8642cc000 	C:\WINDOWS\System32\combase.dll
0x00007ff8644a0000 - 0x00007ff864576000 	C:\WINDOWS\System32\OLEAUT32.dll
0x00007ff847010000 - 0x00007ff847049000 	C:\WINDOWS\SYSTEM32\dbgcore.DLL
0x00007ff861b70000 - 0x00007ff861c09000 	C:\WINDOWS\System32\bcryptPrimitives.dll
0x00007ff856ae0000 - 0x00007ff856b1c000 	C:\spring-tool-suite-4-4.25.0.RELEASE-e4.33.0-win32.win32.x86_64\sts-4.25.0.RELEASE\plugins\org.eclipse.justj.openjdk.hotspot.jre.full.win32.x86_64_21.0.4.v20240802-1551\jre\bin\jdwp.dll
0x00007ff831440000 - 0x00007ff83144f000 	C:\spring-tool-suite-4-4.25.0.RELEASE-e4.33.0-win32.win32.x86_64\sts-4.25.0.RELEASE\plugins\org.eclipse.justj.openjdk.hotspot.jre.full.win32.x86_64_21.0.4.v20240802-1551\jre\bin\instrument.dll
0x00007ffff96c0000 - 0x00007ffff96df000 	C:\spring-tool-suite-4-4.25.0.RELEASE-e4.33.0-win32.win32.x86_64\sts-4.25.0.RELEASE\plugins\org.eclipse.justj.openjdk.hotspot.jre.full.win32.x86_64_21.0.4.v20240802-1551\jre\bin\java.dll
0x00007ffff96a0000 - 0x00007ffff96b8000 	C:\spring-tool-suite-4-4.25.0.RELEASE-e4.33.0-win32.win32.x86_64\sts-4.25.0.RELEASE\plugins\org.eclipse.justj.openjdk.hotspot.jre.full.win32.x86_64_21.0.4.v20240802-1551\jre\bin\zip.dll
0x00007ff863460000 - 0x00007ff863b56000 	C:\WINDOWS\System32\SHELL32.dll
0x00007ff85f770000 - 0x00007ff85ff9a000 	C:\WINDOWS\SYSTEM32\windows.storage.dll
0x00007ff8632a0000 - 0x00007ff863373000 	C:\WINDOWS\System32\SHCORE.dll
0x00007ff862830000 - 0x00007ff86288d000 	C:\WINDOWS\System32\shlwapi.dll
0x00007ff861a90000 - 0x00007ff861ab9000 	C:\WINDOWS\SYSTEM32\profapi.dll
0x00007ff859220000 - 0x00007ff85922b000 	C:\spring-tool-suite-4-4.25.0.RELEASE-e4.33.0-win32.win32.x86_64\sts-4.25.0.RELEASE\plugins\org.eclipse.justj.openjdk.hotspot.jre.full.win32.x86_64_21.0.4.v20240802-1551\jre\bin\dt_socket.dll
0x00007ff8601d0000 - 0x00007ff860202000 	C:\WINDOWS\SYSTEM32\IPHLPAPI.DLL
0x00007ff860ed0000 - 0x00007ff860f38000 	C:\WINDOWS\system32\mswsock.dll
0x00007ff860250000 - 0x00007ff860370000 	C:\WINDOWS\SYSTEM32\DNSAPI.dll
0x00007ff863bf0000 - 0x00007ff863bfa000 	C:\WINDOWS\System32\NSI.dll
0x00007ff859ad0000 - 0x00007ff859adb000 	C:\Windows\System32\rasadhlp.dll
0x00007ff85a960000 - 0x00007ff85a9e6000 	C:\WINDOWS\System32\fwpuclnt.dll
0x00007ff85e190000 - 0x00007ff85e1a0000 	C:\spring-tool-suite-4-4.25.0.RELEASE-e4.33.0-win32.win32.x86_64\sts-4.25.0.RELEASE\plugins\org.eclipse.justj.openjdk.hotspot.jre.full.win32.x86_64_21.0.4.v20240802-1551\jre\bin\net.dll
0x00007ff859570000 - 0x00007ff859696000 	C:\WINDOWS\SYSTEM32\WINHTTP.dll
0x00007ff859490000 - 0x00007ff8594a6000 	C:\spring-tool-suite-4-4.25.0.RELEASE-e4.33.0-win32.win32.x86_64\sts-4.25.0.RELEASE\plugins\org.eclipse.justj.openjdk.hotspot.jre.full.win32.x86_64_21.0.4.v20240802-1551\jre\bin\nio.dll
0x00007ff859470000 - 0x00007ff85947a000 	C:\spring-tool-suite-4-4.25.0.RELEASE-e4.33.0-win32.win32.x86_64\sts-4.25.0.RELEASE\plugins\org.eclipse.justj.openjdk.hotspot.jre.full.win32.x86_64_21.0.4.v20240802-1551\jre\bin\management.dll
0x00007ff859440000 - 0x00007ff85944b000 	C:\spring-tool-suite-4-4.25.0.RELEASE-e4.33.0-win32.win32.x86_64\sts-4.25.0.RELEASE\plugins\org.eclipse.justj.openjdk.hotspot.jre.full.win32.x86_64_21.0.4.v20240802-1551\jre\bin\management_ext.dll
0x00007ff863200000 - 0x00007ff863208000 	C:\WINDOWS\System32\PSAPI.DLL
0x00007ff83b390000 - 0x00007ff83b3a8000 	C:\WINDOWS\system32\napinsp.dll
0x00007ff83b370000 - 0x00007ff83b382000 	C:\WINDOWS\System32\winrnr.dll
0x00007ff83b340000 - 0x00007ff83b362000 	C:\WINDOWS\system32\nlansp_c.dll
0x00007ff83b320000 - 0x00007ff83b336000 	C:\WINDOWS\system32\wshbth.dll
0x00007ff861170000 - 0x00007ff86118c000 	C:\WINDOWS\SYSTEM32\CRYPTSP.dll
0x00007ff860930000 - 0x00007ff860968000 	C:\WINDOWS\system32\rsaenh.dll
0x00007ff860f70000 - 0x00007ff860f9b000 	C:\WINDOWS\SYSTEM32\USERENV.dll
0x00007ff861350000 - 0x00007ff861376000 	C:\WINDOWS\SYSTEM32\bcrypt.dll
0x00007ff861190000 - 0x00007ff86119c000 	C:\WINDOWS\SYSTEM32\CRYPTBASE.dll
0x00007ff859430000 - 0x00007ff859439000 	C:\spring-tool-suite-4-4.25.0.RELEASE-e4.33.0-win32.win32.x86_64\sts-4.25.0.RELEASE\plugins\org.eclipse.justj.openjdk.hotspot.jre.full.win32.x86_64_21.0.4.v20240802-1551\jre\bin\extnet.dll
0x00007ff85e180000 - 0x00007ff85e190000 	C:\spring-tool-suite-4-4.25.0.RELEASE-e4.33.0-win32.win32.x86_64\sts-4.25.0.RELEASE\plugins\org.eclipse.justj.openjdk.hotspot.jre.full.win32.x86_64_21.0.4.v20240802-1551\jre\bin\verify.dll
0x00007ff859bb0000 - 0x00007ff859bbe000 	C:\spring-tool-suite-4-4.25.0.RELEASE-e4.33.0-win32.win32.x86_64\sts-4.25.0.RELEASE\plugins\org.eclipse.justj.openjdk.hotspot.jre.full.win32.x86_64_21.0.4.v20240802-1551\jre\bin\sunmscapi.dll
0x00007ff862460000 - 0x00007ff8625d6000 	C:\WINDOWS\System32\CRYPT32.dll
0x00007ff861310000 - 0x00007ff861340000 	C:\WINDOWS\SYSTEM32\ncrypt.dll
0x00007ff8612c0000 - 0x00007ff8612ff000 	C:\WINDOWS\SYSTEM32\NTASN1.dll
0x00007ff800000000 - 0x00007ff800008000 	C:\WINDOWS\system32\wshunix.dll

dbghelp: loaded successfully - version: 4.0.5 - missing functions: none
symbol engine: initialized successfully - sym options: 0x614 - pdb path: .;C:\spring-tool-suite-4-4.25.0.RELEASE-e4.33.0-win32.win32.x86_64\sts-4.25.0.RELEASE\plugins\org.eclipse.justj.openjdk.hotspot.jre.full.win32.x86_64_21.0.4.v20240802-1551\jre\bin;C:\WINDOWS\SYSTEM32;C:\WINDOWS\WinSxS\amd64_microsoft.windows.common-controls_6595b64144ccf1df_6.0.26100.1591_none_3e0fac18e32dc903;C:\spring-tool-suite-4-4.25.0.RELEASE-e4.33.0-win32.win32.x86_64\sts-4.25.0.RELEASE\plugins\org.eclipse.justj.openjdk.hotspot.jre.full.win32.x86_64_21.0.4.v20240802-1551\jre\bin\server

VM Arguments:
jvm_args: -XX:+ShowCodeDetailsInExceptionMessages -agentlib:jdwp=transport=dt_socket,suspend=y,address=localhost:57687 -Dcom.sun.management.jmxremote -Dcom.sun.management.jmxremote.port=57679 -Dcom.sun.management.jmxremote.authenticate=false -Dcom.sun.management.jmxremote.ssl=false -Djava.rmi.server.hostname=localhost -Dspring.jmx.enabled=true -Dmanagement.endpoints.jmx.exposure.include=* -Dspring.application.admin.enabled=true -XX:TieredStopAtLevel=1 -Dspring.boot.project.name=TestBoot2 -javaagent:C:\spring-tool-suite-4-4.25.0.RELEASE-e4.33.0-win32.win32.x86_64\sts-4.25.0.RELEASE\configuration\org.eclipse.osgi\270\0\.cp\lib\javaagent-shaded.jar -Dfile.encoding=UTF-8 -Dstdout.encoding=UTF-8 -Dstderr.encoding=UTF-8 
java_command: com.chegusBoot.TestBoot2Application --spring.output.ansi.enabled=always
java_class_path (initial): C:\yashwanth\Bank application backend\target\classes;C:\Users\Yashwanth\.m2\repository\org\springframework\boot\spring-boot-starter-data-jpa\3.2.3\spring-boot-starter-data-jpa-3.2.3.jar;C:\Users\Yashwanth\.m2\repository\org\springframework\boot\spring-boot-starter-aop\3.2.3\spring-boot-starter-aop-3.2.3.jar;C:\Users\Yashwanth\.m2\repository\org\springframework\spring-aop\6.1.4\spring-aop-6.1.4.jar;C:\Users\Yashwanth\.m2\repository\org\aspectj\aspectjweaver\1.9.21\aspectjweaver-1.9.21.jar;C:\Users\Yashwanth\.m2\repository\org\springframework\boot\spring-boot-starter-jdbc\3.2.3\spring-boot-starter-jdbc-3.2.3.jar;C:\Users\Yashwanth\.m2\repository\com\zaxxer\HikariCP\5.0.1\HikariCP-5.0.1.jar;C:\Users\Yashwanth\.m2\repository\org\springframework\spring-jdbc\6.1.4\spring-jdbc-6.1.4.jar;C:\Users\Yashwanth\.m2\repository\org\hibernate\orm\hibernate-core\6.4.4.Final\hibernate-core-6.4.4.Final.jar;C:\Users\Yashwanth\.m2\repository\jakarta\persistence\jakarta.persistence-api\3.1.0\jakarta.persistence-api-3.1.0.jar;C:\Users\Yashwanth\.m2\repository\jakarta\transaction\jakarta.transaction-api\2.0.1\jakarta.transaction-api-2.0.1.jar;C:\Users\Yashwanth\.m2\repository\org\jboss\logging\jboss-logging\3.5.3.Final\jboss-logging-3.5.3.Final.jar;C:\Users\Yashwanth\.m2\repository\org\hibernate\common\hibernate-commons-annotations\6.0.6.Final\hibernate-commons-annotations-6.0.6.Final.jar;C:\Users\Yashwanth\.m2\repository\io\smallrye\jandex\3.1.2\jandex-3.1.2.jar;C:\Users\Yashwanth\.m2\repository\com\fasterxml\classmate\1.6.0\classmate-1.6.0.jar;C:\Users\Yashwanth\.m2\repository\net\bytebuddy\byte-buddy\1.14.12\byte-buddy-1.14.12.jar;C:\Users\Yashwanth\.m2\repository\org\glassfish\jaxb\jaxb-runtime\4.0.4\jaxb-runtime-4.0.4.jar;C:\Users\Yashwanth\.m2\repository\org\glassfish\jaxb\jaxb-core\4.0.4\jaxb-core-4.0.4.jar;C:\Users\Yashwanth\.m2\repository\org\eclipse\angus\angus-activation\2.0.1\angus-activation-2.0.1.jar;C:\Users\Yashwanth\.m2\repository\org\glassfish\jaxb\txw2\4.0.4\txw2-4.0.4.jar;C:\Users\Yashwanth\.m2\repository\com\sun\istack\istack-commons-runtime\4.1.2\istack-commons-runtime-4.1.2.jar;C:\Users\Yashwanth\.m2\repository\jakarta\inject\jakarta.inject-api\2.0.1\jakarta.inject-api-2.0.1.jar;C:\Users\Yashwanth\.m2\repository\org\antlr\antlr4-runtime\4.13.0\antlr4-runtime-4.13.0.jar;C:\Users\Yashwanth\.m2\repository\org\springframework\data\spring-data-jpa\3.2.3\spring-data-jpa-3.2.3.jar;C:\Users\Yashwanth\.m2\repository\org\springframework\data\spring-data-commons\3.2.3\spring-data-commons-3.2.3.jar;C:\Users\Yashwanth\.m2\repository\org\springframework\spring-orm\6.1.4\spring-orm-6.1.4.jar;C:\Users\Yashwanth\.m2\repository\org\springframework\spring-context\6.1.4\spring-context-6.1.4.jar;C:\Users\Yashwanth\.m2\repository\org\springframework\spring-tx\6.1.4\spring-tx-6.1.4.jar;C:\Users\Yashwanth\.m2\repository\org\springframework\spring-beans\6.1.4\spring-beans-6.1.4.jar;C:\Users\Yashwanth\.m2\repository\org\slf4j\slf4j-api\2.0.12\slf4j-api-2.0.12.jar;C:\Users\Yashwanth\.m2\repository\org\springframework\spring-aspects\6.1.4\spring-aspects-6.1.4.jar;C:\Users\Yashwanth\.m2\repository\org\springframework\boot\spring-boot-starter-web\3.2.3\spring-boot-starter-web-3.2.3.jar;C:\Users\Yashwanth\.m2\repository\org\springframework\boot\spring-boot-starter\3.2.3\spring-boot-starter-3.2.3.jar;C:\Users\Yashwanth\.m2\repository\org\springframework\boot\spring-boot-starter-logging\3.2.3\spring-boot-starter-logging-3.2.3.jar;C:\Users\Yashwanth\.m2\repository\ch\qos\logback\logback-classic\1.4.14\logback-classic-1.4.14.jar;C:\Users\Yashwanth\.m2\repository\ch\qos\logback\logback-core\1.4.14\logback-core-1.4.14.jar;C:\Users\Yashwanth\.m2\repository\org\apache\logging\log4j\log4j-to-slf4j\2.21.1\log4j-to-slf4j-2.21.1.jar;C:\Users\Yashwanth\.m2\repository\org\apache\logging\log4j\log4j-api\2.21.1\log4j-api-2.21.1.jar;C:\Users\Yashwanth\.m2\repository\org\slf4j\jul-to-slf4j\2.0.12\jul-to-slf4j-2.0.12.jar;C:\Users\Yashwanth\.m2\repository\org\yaml\snakeyaml\2.2\snakeyaml-2.2.jar;C:\Users\Yashwanth\.m2\repository\org\springframework\boot\spring-boot-starter-json\3.2.3\spring-boot-starter-json-3.2.3.jar;C:\Users\Yashwanth\.m2\repository\com\fasterxml\jackson\core\jackson-databind\2.15.4\jackson-databind-2.15.4.jar;C:\Users\Yashwanth\.m2\repository\com\fasterxml\jackson\core\jackson-annotations\2.15.4\jackson-annotations-2.15.4.jar;C:\Users\Yashwanth\.m2\repository\com\fasterxml\jackson\core\jackson-core\2.15.4\jackson-core-2.15.4.jar;C:\Users\Yashwanth\.m2\repository\com\fasterxml\jackson\datatype\jackson-datatype-jdk8\2.15.4\jackson-datatype-jdk8-2.15.4.jar;C:\Users\Yashwanth\.m2\repository\com\fasterxml\jackson\datatype\jackson-datatype-jsr310\2.15.4\jackson-datatype-jsr310-2.15.4.jar;C:\Users\Yashwanth\.m2\repository\com\fasterxml\jackson\module\jackson-module-parameter-names\2.15.4\jackson-module-parameter-names-2.15.4.jar;C:\Users\Yashwanth\.m2\repository\org\springframework\spring-web\6.1.4\spring-web-6.1.4.jar;C:\Users\Yashwanth\.m2\repository\io\micrometer\micrometer-observation\1.12.3\micrometer-observation-1.12.3.jar;C:\Users\Yashwanth\.m2\repository\io\micrometer\micrometer-commons\1.12.3\micrometer-commons-1.12.3.jar;C:\Users\Yashwanth\.m2\repository\org\springframework\spring-webmvc\6.1.4\spring-webmvc-6.1.4.jar;C:\Users\Yashwanth\.m2\repository\org\springframework\spring-expression\6.1.4\spring-expression-6.1.4.jar;C:\Users\Yashwanth\.m2\repository\org\apache\tomcat\embed\tomcat-embed-jasper\10.1.19\tomcat-embed-jasper-10.1.19.jar;C:\Users\Yashwanth\.m2\repository\org\apache\tomcat\embed\tomcat-embed-core\10.1.19\tomcat-embed-core-10.1.19.jar;C:\Users\Yashwanth\.m2\repository\org\apache\tomcat\tomcat-annotations-api\10.1.19\tomcat-annotations-api-10.1.19.jar;C:\Users\Yashwanth\.m2\repository\org\apache\tomcat\embed\tomcat-embed-el\10.1.19\tomcat-embed-el-10.1.19.jar;C:\Users\Yashwanth\.m2\repository\org\eclipse\jdt\ecj\3.33.0\ecj-3.33.0.jar;C:\Users\Yashwanth\.m2\repository\org\springframework\boot\spring-boot-starter-tomcat\3.2.3\spring-boot-starter-tomcat-3.2.3.jar;C:\Users\Yashwanth\.m2\repository\jakarta\annotation\jakarta.annotation-api\2.1.1\jakarta.annotation-api-2.1.1.jar;C:\Users\Yashwanth\.m2\repository\org\apache\tomcat\embed\tomcat-embed-websocket\10.1.19\tomcat-embed-websocket-10.1.19.jar;C:\Users\Yashwanth\.m2\repository\org\springframework\boot\spring-boot-devtools\3.2.3\spring-boot-devtools-3.2.3.jar;C:\Users\Yashwanth\.m2\repository\org\springframework\boot\spring-boot\3.2.3\spring-boot-3.2.3.jar;C:\Users\Yashwanth\.m2\repository\org\springframework\boot\spring-boot-autoconfigure\3.2.3\spring-boot-autoconfigure-3.2.3.jar;C:\Users\Yashwanth\.m2\repository\com\mysql\mysql-connector-j\8.3.0\mysql-connector-j-8.3.0.jar;C:\Users\Yashwanth\.m2\repository\org\projectlombok\lombok\1.18.22\lombok-1.18.22.jar;C:\Users\Yashwanth\.m2\repository\jakarta\xml\bind\jakarta.xml.bind-api\4.0.1\jakarta.xml.bind-api-4.0.1.jar;C:\Users\Yashwanth\.m2\repository\jakarta\activation\jakarta.activation-api\2.1.2\jakarta.activation-api-2.1.2.jar;C:\Users\Yashwanth\.m2\repository\org\springframework\spring-core\6.1.4\spring-core-6.1.4.jar;C:\Users\Yashwanth\.m2\repository\org\springframework\spring-jcl\6.1.4\spring-jcl-6.1.4.jar;C:\Users\Yashwanth\.m2\repository\javax\servlet\jstl\1.2\jstl-1.2.jar;C:\Users\Yashwanth\.m2\repository\org\springframework\boot\spring-boot-starter-cache\3.2.3\spring-boot-starter-cache-3.2.3.jar;C:\Users\Yashwanth\.m2\repository\org\springframework\spring-context-support\6.1.4\spring-context-support-6.1.4.jar
Launcher Type: SUN_STANDARD

[Global flags]
     intx CICompilerCount                          = 4                                         {product} {ergonomic}
     uint ConcGCThreads                            = 2                                         {product} {ergonomic}
     uint G1ConcRefinementThreads                  = 8                                         {product} {ergonomic}
   size_t G1HeapRegionSize                         = 2097152                                   {product} {ergonomic}
    uintx GCDrainStackTargetSize                   = 64                                        {product} {ergonomic}
   size_t InitialHeapSize                          = 266338304                                 {product} {ergonomic}
     bool ManagementServer                         = true                                      {product} {command line}
   size_t MarkStackSize                            = 4194304                                   {product} {ergonomic}
   size_t MaxHeapSize                              = 4240441344                                {product} {ergonomic}
   size_t MaxNewSize                               = 2543845376                                {product} {ergonomic}
   size_t MinHeapDeltaBytes                        = 2097152                                   {product} {ergonomic}
   size_t MinHeapSize                              = 8388608                                   {product} {ergonomic}
    uintx NonNMethodCodeHeapSize                   = 4096                                   {pd product} {ergonomic}
    uintx NonProfiledCodeHeapSize                  = 0                                      {pd product} {ergonomic}
     bool ProfileInterpreter                       = false                                  {pd product} {command line}
    uintx ProfiledCodeHeapSize                     = 0                                      {pd product} {ergonomic}
     bool ShowCodeDetailsInExceptionMessages       = true                                   {manageable} {command line}
   size_t SoftMaxHeapSize                          = 4240441344                             {manageable} {ergonomic}
     intx TieredStopAtLevel                        = 1                                         {product} {command line}
     bool UseCompressedOops                        = true                           {product lp64_product} {ergonomic}
     bool UseG1GC                                  = true                                      {product} {ergonomic}
     bool UseLargePagesIndividualAllocation        = false                                  {pd product} {ergonomic}

Logging:
Log output configuration:
 #0: stdout all=warning uptime,level,tags foldmultilines=false
 #1: stderr all=off uptime,level,tags foldmultilines=false

Environment Variables:
PATH=C:\spring-tool-suite-4-4.25.0.RELEASE-e4.33.0-win32.win32.x86_64\sts-4.25.0.RELEASE\plugins\org.eclipse.justj.openjdk.hotspot.jre.full.win32.x86_64_21.0.4.v20240802-1551\jre\bin;C:/spring-tool-suite-4-4.25.0.RELEASE-e4.33.0-win32.win32.x86_64/sts-4.25.0.RELEASE//plugins/org.eclipse.justj.openjdk.hotspot.jre.full.win32.x86_64_21.0.4.v20240802-1551/jre/bin/server;C:/spring-tool-suite-4-4.25.0.RELEASE-e4.33.0-win32.win32.x86_64/sts-4.25.0.RELEASE//plugins/org.eclipse.justj.openjdk.hotspot.jre.full.win32.x86_64_21.0.4.v20240802-1551/jre/bin;C:\Program Files\Common Files\Oracle\Java\javapath;C:\WINDOWS\system32;C:\WINDOWS;C:\WINDOWS\System32\Wbem;C:\WINDOWS\System32\WindowsPowerShell\v1.0\;C:\WINDOWS\System32\OpenSSH\;C:\Program Files (x86)\Microsoft SQL Server\160\DTS\Binn\;C:\Program Files\nodejs\;C:\Users\Yashwanth\AppData\Local\Microsoft\WindowsApps;C:\Users\Yashwanth\AppData\Local\Programs\Microsoft VS Code\bin;C:\Users\Yashwanth\AppData\Local\Programs\Git\cmd;C:\Users\Yashwanth\AppData\Roaming\npm;;C:\spring-tool-suite-4-4.25.0.RELEASE-e4.33.0-win32.win32.x86_64\sts-4.25.0.RELEASE;
USERNAME=Yashwanth
OS=Windows_NT
PROCESSOR_IDENTIFIER=Intel64 Family 6 Model 142 Stepping 12, GenuineIntel
TMP=C:\Users\YASHWA~1\AppData\Local\Temp
TEMP=C:\Users\YASHWA~1\AppData\Local\Temp




Periodic native trim disabled

---------------  S Y S T E M  ---------------

OS:
 Windows 11 , 64 bit Build 26100 (10.0.26100.1591)
OS uptime: 0 days 0:50 hours

CPU: total 8 (initial active 8) (4 cores per cpu, 2 threads per core) family 6 model 142 stepping 12 microcode 0xf0, cx8, cmov, fxsr, ht, mmx, 3dnowpref, sse, sse2, sse3, ssse3, sse4.1, sse4.2, popcnt, lzcnt, tsc, tscinvbit, avx, avx2, aes, erms, clmul, bmi1, bmi2, adx, fma, vzeroupper, clflush, clflushopt, rdtscp, f16c
Processor Information for all 8 processors :
  Max Mhz: 2112, Current Mhz: 1609, Mhz Limit: 1605

Memory: 4k page, system-wide physical 16172M (1613M free)
TotalPageFile size 41772M (AvailPageFile size 15661M)
current process WorkingSet (physical memory assigned to process): 282M, peak: 297M
current process commit charge ("private bytes"): 309M, peak: 362M

vm_info: OpenJDK 64-Bit Server VM (21.0.4+7-LTS) for windows-amd64 JRE (21.0.4+7-LTS), built on 2024-07-16T00:00:00Z by "admin" with MS VC++ 17.7 (VS2022)

END.
